Sun Apr 25 18:54:22 BST 2021
cgpu01.maxwell.local

Currently Loaded Modules:
  1) slurm/current   2) python-3.7.7   3) anaconda3

 

PatchWiseModel(
  (features): Sequential(
    (0): Conv2d(3, 16, kernel_size=(3, 3), stride=(1, 1), padding=(1, 1))
    (1): BatchNorm2d(16, eps=1e-05, momentum=0.1, affine=True, track_running_stats=True)
    (2): ReLU(inplace=True)
    (3): Conv2d(16, 16, kernel_size=(3, 3), stride=(1, 1), padding=(1, 1))
    (4): BatchNorm2d(16, eps=1e-05, momentum=0.1, affine=True, track_running_stats=True)
    (5): ReLU(inplace=True)
    (6): Conv2d(16, 16, kernel_size=(2, 2), stride=(2, 2))
    (7): BatchNorm2d(16, eps=1e-05, momentum=0.1, affine=True, track_running_stats=True)
    (8): ReLU(inplace=True)
    (9): Conv2d(16, 32, kernel_size=(3, 3), stride=(1, 1), padding=(1, 1))
    (10): BatchNorm2d(32, eps=1e-05, momentum=0.1, affine=True, track_running_stats=True)
    (11): ReLU(inplace=True)
    (12): Conv2d(32, 32, kernel_size=(3, 3), stride=(1, 1), padding=(1, 1))
    (13): BatchNorm2d(32, eps=1e-05, momentum=0.1, affine=True, track_running_stats=True)
    (14): ReLU(inplace=True)
    (15): Conv2d(32, 32, kernel_size=(2, 2), stride=(2, 2))
    (16): BatchNorm2d(32, eps=1e-05, momentum=0.1, affine=True, track_running_stats=True)
    (17): ReLU(inplace=True)
    (18): Conv2d(32, 64, kernel_size=(3, 3), stride=(1, 1), padding=(1, 1))
    (19): BatchNorm2d(64, eps=1e-05, momentum=0.1, affine=True, track_running_stats=True)
    (20): ReLU(inplace=True)
    (21): Conv2d(64, 64, kernel_size=(3, 3), stride=(1, 1), padding=(1, 1))
    (22): BatchNorm2d(64, eps=1e-05, momentum=0.1, affine=True, track_running_stats=True)
    (23): ReLU(inplace=True)
    (24): Conv2d(64, 64, kernel_size=(2, 2), stride=(2, 2))
    (25): BatchNorm2d(64, eps=1e-05, momentum=0.1, affine=True, track_running_stats=True)
    (26): ReLU(inplace=True)
    (27): Conv2d(64, 3, kernel_size=(1, 1), stride=(1, 1))
  )
  (classifier): Sequential(
    (0): Linear(in_features=12288, out_features=2, bias=True)
  )
)
Parameters: 119141
Trainable parameters: 119141
Using: cpu
Start training network: 2021/04/25 18:54

Using  44288 training samples
Using  1186 validation samples
Epoch 1/30
---------
train Loss: 0.3648 Acc: 0.8494
val Loss: 0.2829 Acc: 0.8786
Epoch 2/30
---------
train Loss: 0.2796 Acc: 0.884
val Loss: 0.3574 Acc: 0.8702
Epoch 3/30
---------
train Loss: 0.2413 Acc: 0.9001
val Loss: 0.2697 Acc: 0.8853
Epoch 4/30
----------
train Loss: 0.2075 Acc: 0.9154
val Loss: 0.2302 Acc: 0.9073
Epoch 5/30
----------
train Loss: 0.1822 Acc: 0.9268
val Loss: 0.2800 Acc: 0.8997
Epoch 6/30
----------
train Loss: 0.1628 Acc: 0.9347
val Loss: 0.2987 Acc: 0.8811
Epoch 7/30
----------
train Loss: 0.1533 Acc: 0.9393
val Loss: 0.2971 Acc: 0.8912
Epoch 8/30
----------
train Loss: 0.1323 Acc: 0.9492
val Loss: 0.3197 Acc: 0.8904
Epoch 9/30
----------
train Loss: 0.1253 Acc: 0.9511
val Loss: 0.3395 Acc: 0.8887
Epoch 10/30
----------
train Loss: 0.1102 Acc: 0.9587
val Loss: 0.3915 Acc: 0.8853
Epoch 11/30
----------
train Loss: 0.0986 Acc: 0.9626
val Loss: 0.4017 Acc: 0.8929
Epoch 12/30
----------
train Loss: 0.1002 Acc: 0.9624
val Loss: 0.5703 Acc: 0.8718
Epoch 13/30
----------
train Loss: 0.0881 Acc: 0.9668
val Loss: 0.5024 Acc: 0.8769
Epoch 14/30
----------
train Loss: 0.0817 Acc: 0.9706
val Loss: 0.4437 Acc: 0.8836
Epoch 15/30
----------
train Loss: 0.0751 Acc: 0.9724
val Loss: 0.5675 Acc: 0.8870
Epoch 16/30
----------
train Loss: 0.0718 Acc: 0.9739
val Loss: 0.4758 Acc: 0.8870
Epoch 17/30
----------
train Loss: 0.0671 Acc: 0.9752
val Loss: 0.5508 Acc: 0.8769
Epoch 18/30
----------
train Loss: 0.0664 Acc: 0.9768
val Loss: 0.5030 Acc: 0.8912
Epoch 19/30
----------
slurmstepd: error: *** JOB 781489 ON cgpu01 CANCELLED AT 2021-04-26T18:54:35 DUE TO TIME LIMIT ***
slurmstepd: error: *** STEP 781489.0 ON cgpu01 CANCELLED AT 2021-04-26T18:54:35 DUE TO TIME LIMIT ***
