VariationalMixedCapsules(
  (features): Sequential(
    (0): Conv2d(3, 16, kernel_size=(3, 3), stride=(1, 1), padding=(1, 1))
    (1): BatchNorm2d(16, eps=1e-05, momentum=0.1, affine=True, track_running_stats=True)
    (2): ReLU(inplace=True)
    (3): Conv2d(16, 16, kernel_size=(3, 3), stride=(1, 1), padding=(1, 1))
    (4): BatchNorm2d(16, eps=1e-05, momentum=0.1, affine=True, track_running_stats=True)
    (5): ReLU(inplace=True)
    (6): Conv2d(16, 16, kernel_size=(2, 2), stride=(2, 2))
    (7): BatchNorm2d(16, eps=1e-05, momentum=0.1, affine=True, track_running_stats=True)
    (8): ReLU(inplace=True)
    (9): Conv2d(16, 32, kernel_size=(3, 3), stride=(1, 1), padding=(1, 1))
    (10): BatchNorm2d(32, eps=1e-05, momentum=0.1, affine=True, track_running_stats=True)
    (11): ReLU(inplace=True)
    (12): Conv2d(32, 32, kernel_size=(3, 3), stride=(1, 1), padding=(1, 1))
    (13): BatchNorm2d(32, eps=1e-05, momentum=0.1, affine=True, track_running_stats=True)
    (14): ReLU(inplace=True)
    (15): Conv2d(32, 32, kernel_size=(2, 2), stride=(2, 2))
    (16): BatchNorm2d(32, eps=1e-05, momentum=0.1, affine=True, track_running_stats=True)
    (17): ReLU(inplace=True)
    (18): Conv2d(32, 64, kernel_size=(3, 3), stride=(1, 1), padding=(1, 1))
    (19): BatchNorm2d(64, eps=1e-05, momentum=0.1, affine=True, track_running_stats=True)
    (20): ReLU(inplace=True)
    (21): Conv2d(64, 64, kernel_size=(3, 3), stride=(1, 1), padding=(1, 1))
    (22): BatchNorm2d(64, eps=1e-05, momentum=0.1, affine=True, track_running_stats=True)
    (23): ReLU(inplace=True)
    (24): Conv2d(64, 64, kernel_size=(2, 2), stride=(2, 2))
    (25): BatchNorm2d(64, eps=1e-05, momentum=0.1, affine=True, track_running_stats=True)
    (26): ReLU(inplace=True)
    (27): Conv2d(64, 3, kernel_size=(1, 1), stride=(1, 1))
  )
  (Conv_1): Conv2d(3, 64, kernel_size=(5, 5), stride=(2, 2), bias=False)
  (Conv_2): Conv2d(64, 64, kernel_size=(5, 5), stride=(2, 2), bias=False)
  (Conv_3): Conv2d(64, 64, kernel_size=(3, 3), stride=(2, 2), bias=False)
  (BN_1): BatchNorm2d(64, eps=1e-05, momentum=0.1, affine=True, track_running_stats=True)
  (PrimaryCaps): PrimaryCapsules2d(
    (BN_a): BatchNorm2d(16, eps=1e-05, momentum=0.1, affine=True, track_running_stats=True)
    (BN_p): BatchNorm3d(16, eps=1e-05, momentum=0.1, affine=True, track_running_stats=True)
  )
  (ConvCaps_1): ConvCapsules2d()
  (ConvRouting_1): VariationalBayesRouting2d(
    (BN_v): BatchNorm3d(16, eps=1e-05, momentum=0.1, affine=False, track_running_stats=True)
    (BN_a): BatchNorm2d(16, eps=1e-05, momentum=0.1, affine=False, track_running_stats=True)
  )
  (ConvCaps_2): ConvCapsules2d()
  (ConvRouting_2): VariationalBayesRouting2d(
    (BN_v): BatchNorm3d(8, eps=1e-05, momentum=0.1, affine=False, track_running_stats=True)
    (BN_a): BatchNorm2d(8, eps=1e-05, momentum=0.1, affine=False, track_running_stats=True)
  )
  (ClassCaps): ConvCapsules2d()
  (ClassRouting): VariationalBayesRouting2d(
    (BN_v): BatchNorm3d(2, eps=1e-05, momentum=0.1, affine=False, track_running_stats=True)
    (BN_a): BatchNorm2d(2, eps=1e-05, momentum=0.1, affine=False, track_running_stats=True)
  )
)
Parameters: 311831
Trainable parameters: 311831
Using: cuda
Tesla P100-PCIE-16GB
Memory Usage:
Allocated: 0.0 GB
Cached:    0.0 GB
Start training network: 2021/05/17 10:08

  0%|          | 0/1384 [00:00<?, ?it/s]
Using  22144 training samples
Using  1186 validation samples
Epoch 1/10
----------
100%|██████████| 1384/1384 [18:37<00:00,  1.24it/s]
  0%|          | 0/75 [00:00<?, ?it/s]
train Loss: 0.5854 Acc: 0.8232
100%|██████████| 75/75 [00:23<00:00,  3.20it/s]
  0%|          | 0/1384 [00:00<?, ?it/s]
val Loss: 0.5690 Acc: 0.8432
Epoch 2/10
----------
100%|██████████| 1384/1384 [18:34<00:00,  1.24it/s]
  0%|          | 0/75 [00:00<?, ?it/s]
train Loss: 0.5731 Acc: 0.8404
100%|██████████| 75/75 [00:23<00:00,  3.22it/s]
  0%|          | 0/1384 [00:00<?, ?it/s]
val Loss: 0.5558 Acc: 0.8887
Epoch 3/10
----------
100%|██████████| 1384/1384 [18:34<00:00,  1.24it/s]
  0%|          | 0/75 [00:00<?, ?it/s]
train Loss: 0.5662 Acc: 0.8545
100%|██████████| 75/75 [00:23<00:00,  3.20it/s]
  0%|          | 0/1384 [00:00<?, ?it/s]
val Loss: 0.5375 Acc: 0.9064
Epoch 4/10
----------
100%|██████████| 1384/1384 [18:32<00:00,  1.24it/s]
  0%|          | 0/75 [00:00<?, ?it/s]
train Loss: 0.5611 Acc: 0.8628
100%|██████████| 75/75 [00:23<00:00,  3.19it/s]
  0%|          | 0/1384 [00:00<?, ?it/s]
val Loss: 0.5355 Acc: 0.9022
Epoch 5/10
----------
100%|██████████| 1384/1384 [18:34<00:00,  1.24it/s]
  0%|          | 0/75 [00:00<?, ?it/s]
train Loss: 0.5587 Acc: 0.8693
100%|██████████| 75/75 [00:23<00:00,  3.22it/s]
  0%|          | 0/1384 [00:00<?, ?it/s]
val Loss: 0.5404 Acc: 0.9132
Epoch 6/10
----------
100%|██████████| 1384/1384 [18:36<00:00,  1.24it/s]
  0%|          | 0/75 [00:00<?, ?it/s]
train Loss: 0.5569 Acc: 0.8746
100%|██████████| 75/75 [00:23<00:00,  3.19it/s]
  0%|          | 0/1384 [00:00<?, ?it/s]
val Loss: 0.5414 Acc: 0.9073
Epoch 7/10
----------
100%|██████████| 1384/1384 [18:36<00:00,  1.24it/s]
  0%|          | 0/75 [00:00<?, ?it/s]
train Loss: 0.5545 Acc: 0.8787
100%|██████████| 75/75 [00:23<00:00,  3.19it/s]
  0%|          | 0/1384 [00:00<?, ?it/s]
val Loss: 0.5408 Acc: 0.9081
Epoch 8/10
----------
100%|██████████| 1384/1384 [18:33<00:00,  1.24it/s]
  0%|          | 0/75 [00:00<?, ?it/s]
train Loss: 0.5526 Acc: 0.8834
100%|██████████| 75/75 [00:23<00:00,  3.23it/s]
  0%|          | 0/1384 [00:00<?, ?it/s]
val Loss: 0.5426 Acc: 0.8904
Epoch 9/10
----------
100%|██████████| 1384/1384 [18:34<00:00,  1.24it/s]
  0%|          | 0/75 [00:00<?, ?it/s]
train Loss: 0.5495 Acc: 0.8919
100%|██████████| 75/75 [00:23<00:00,  3.21it/s]
  0%|          | 0/1384 [00:00<?, ?it/s]
val Loss: 0.5323 Acc: 0.9207
Epoch 10/10
----------
100%|██████████| 1384/1384 [18:34<00:00,  1.24it/s]
  0%|          | 0/75 [00:00<?, ?it/s]
train Loss: 0.5475 Acc: 0.9002
100%|██████████| 75/75 [00:23<00:00,  3.17it/s]
val Loss: 0.5401 Acc: 0.9106
Training complete in 189m 43s
Best Validation Accuracy: 0.920742
100%|██████████| 99/99 [00:23<00:00,  4.23it/s]
  0%|          | 0/75 [00:00<?, ?it/s]
Test Accuracy of the model: 0.93 %
100%|██████████| 75/75 [00:23<00:00,  3.23it/s]
Confusion matrix
 tensor([[345.,  21.],
        [ 61., 760.]])
Class 0
TP 345.0, TN 760.0, FP 61.0, FN 21.0
Sensitivity 0.94, Specificity 0.93, F1 0.89, Accuracy 0.93
Class 1
TP 760.0, TN 345.0, FP 21.0, FN 61.0
Sensitivity 0.93, Specificity 0.94, F1 0.95, Accuracy 0.93
Model saved: ./_BreakHis_VarMixedCaps__BreakHis_VarMixedCaps_2021-05-17_10-08.ckpt

'./_BreakHis_VarMixedCaps__BreakHis_VarMixedCaps_2021-05-17_10-08.ckpt'