Loaded pretrained weights for efficientnet-b0
EffNet(
  (model): EfficientNet(
    (_conv_stem): Conv2dStaticSamePadding(
      3, 32, kernel_size=(3, 3), stride=(2, 2), bias=False
      (static_padding): ZeroPad2d(padding=(0, 1, 0, 1), value=0.0)
    )
    (_bn0): BatchNorm2d(32, eps=0.001, momentum=0.010000000000000009, affine=True, track_running_stats=True)
    (_blocks): ModuleList(
      (0): MBConvBlock(
        (_depthwise_conv): Conv2dStaticSamePadding(
          32, 32, kernel_size=(3, 3), stride=[1, 1], groups=32, bias=False
          (static_padding): ZeroPad2d(padding=(1, 1, 1, 1), value=0.0)
        )
        (_bn1): BatchNorm2d(32, eps=0.001, momentum=0.010000000000000009, affine=True, track_running_stats=True)
        (_se_reduce): Conv2dStaticSamePadding(
          32, 8, kernel_size=(1, 1), stride=(1, 1)
          (static_padding): Identity()
        )
        (_se_expand): Conv2dStaticSamePadding(
          8, 32, kernel_size=(1, 1), stride=(1, 1)
          (static_padding): Identity()
        )
        (_project_conv): Conv2dStaticSamePadding(
          32, 16, kernel_size=(1, 1), stride=(1, 1), bias=False
          (static_padding): Identity()
        )
        (_bn2): BatchNorm2d(16, eps=0.001, momentum=0.010000000000000009, affine=True, track_running_stats=True)
        (_swish): MemoryEfficientSwish()
      )
      (1): MBConvBlock(
        (_expand_conv): Conv2dStaticSamePadding(
          16, 96, kernel_size=(1, 1), stride=(1, 1), bias=False
          (static_padding): Identity()
        )
        (_bn0): BatchNorm2d(96, eps=0.001, momentum=0.010000000000000009, affine=True, track_running_stats=True)
        (_depthwise_conv): Conv2dStaticSamePadding(
          96, 96, kernel_size=(3, 3), stride=[2, 2], groups=96, bias=False
          (static_padding): ZeroPad2d(padding=(0, 1, 0, 1), value=0.0)
        )
        (_bn1): BatchNorm2d(96, eps=0.001, momentum=0.010000000000000009, affine=True, track_running_stats=True)
        (_se_reduce): Conv2dStaticSamePadding(
          96, 4, kernel_size=(1, 1), stride=(1, 1)
          (static_padding): Identity()
        )
        (_se_expand): Conv2dStaticSamePadding(
          4, 96, kernel_size=(1, 1), stride=(1, 1)
          (static_padding): Identity()
        )
        (_project_conv): Conv2dStaticSamePadding(
          96, 24, kernel_size=(1, 1), stride=(1, 1), bias=False
          (static_padding): Identity()
        )
        (_bn2): BatchNorm2d(24, eps=0.001, momentum=0.010000000000000009, affine=True, track_running_stats=True)
        (_swish): MemoryEfficientSwish()
      )
      (2): MBConvBlock(
        (_expand_conv): Conv2dStaticSamePadding(
          24, 144, kernel_size=(1, 1), stride=(1, 1), bias=False
          (static_padding): Identity()
        )
        (_bn0): BatchNorm2d(144, eps=0.001, momentum=0.010000000000000009, affine=True, track_running_stats=True)
        (_depthwise_conv): Conv2dStaticSamePadding(
          144, 144, kernel_size=(3, 3), stride=(1, 1), groups=144, bias=False
          (static_padding): ZeroPad2d(padding=(1, 1, 1, 1), value=0.0)
        )
        (_bn1): BatchNorm2d(144, eps=0.001, momentum=0.010000000000000009, affine=True, track_running_stats=True)
        (_se_reduce): Conv2dStaticSamePadding(
          144, 6, kernel_size=(1, 1), stride=(1, 1)
          (static_padding): Identity()
        )
        (_se_expand): Conv2dStaticSamePadding(
          6, 144, kernel_size=(1, 1), stride=(1, 1)
          (static_padding): Identity()
        )
        (_project_conv): Conv2dStaticSamePadding(
          144, 24, kernel_size=(1, 1), stride=(1, 1), bias=False
          (static_padding): Identity()
        )
        (_bn2): BatchNorm2d(24, eps=0.001, momentum=0.010000000000000009, affine=True, track_running_stats=True)
        (_swish): MemoryEfficientSwish()
      )
      (3): MBConvBlock(
        (_expand_conv): Conv2dStaticSamePadding(
          24, 144, kernel_size=(1, 1), stride=(1, 1), bias=False
          (static_padding): Identity()
        )
        (_bn0): BatchNorm2d(144, eps=0.001, momentum=0.010000000000000009, affine=True, track_running_stats=True)
        (_depthwise_conv): Conv2dStaticSamePadding(
          144, 144, kernel_size=(5, 5), stride=[2, 2], groups=144, bias=False
          (static_padding): ZeroPad2d(padding=(1, 2, 1, 2), value=0.0)
        )
        (_bn1): BatchNorm2d(144, eps=0.001, momentum=0.010000000000000009, affine=True, track_running_stats=True)
        (_se_reduce): Conv2dStaticSamePadding(
          144, 6, kernel_size=(1, 1), stride=(1, 1)
          (static_padding): Identity()
        )
        (_se_expand): Conv2dStaticSamePadding(
          6, 144, kernel_size=(1, 1), stride=(1, 1)
          (static_padding): Identity()
        )
        (_project_conv): Conv2dStaticSamePadding(
          144, 40, kernel_size=(1, 1), stride=(1, 1), bias=False
          (static_padding): Identity()
        )
        (_bn2): BatchNorm2d(40, eps=0.001, momentum=0.010000000000000009, affine=True, track_running_stats=True)
        (_swish): MemoryEfficientSwish()
      )
      (4): MBConvBlock(
        (_expand_conv): Conv2dStaticSamePadding(
          40, 240, kernel_size=(1, 1), stride=(1, 1), bias=False
          (static_padding): Identity()
        )
        (_bn0): BatchNorm2d(240, eps=0.001, momentum=0.010000000000000009, affine=True, track_running_stats=True)
        (_depthwise_conv): Conv2dStaticSamePadding(
          240, 240, kernel_size=(5, 5), stride=(1, 1), groups=240, bias=False
          (static_padding): ZeroPad2d(padding=(2, 2, 2, 2), value=0.0)
        )
        (_bn1): BatchNorm2d(240, eps=0.001, momentum=0.010000000000000009, affine=True, track_running_stats=True)
        (_se_reduce): Conv2dStaticSamePadding(
          240, 10, kernel_size=(1, 1), stride=(1, 1)
          (static_padding): Identity()
        )
        (_se_expand): Conv2dStaticSamePadding(
          10, 240, kernel_size=(1, 1), stride=(1, 1)
          (static_padding): Identity()
        )
        (_project_conv): Conv2dStaticSamePadding(
          240, 40, kernel_size=(1, 1), stride=(1, 1), bias=False
          (static_padding): Identity()
        )
        (_bn2): BatchNorm2d(40, eps=0.001, momentum=0.010000000000000009, affine=True, track_running_stats=True)
        (_swish): MemoryEfficientSwish()
      )
      (5): MBConvBlock(
        (_expand_conv): Conv2dStaticSamePadding(
          40, 240, kernel_size=(1, 1), stride=(1, 1), bias=False
          (static_padding): Identity()
        )
        (_bn0): BatchNorm2d(240, eps=0.001, momentum=0.010000000000000009, affine=True, track_running_stats=True)
        (_depthwise_conv): Conv2dStaticSamePadding(
          240, 240, kernel_size=(3, 3), stride=[2, 2], groups=240, bias=False
          (static_padding): ZeroPad2d(padding=(0, 1, 0, 1), value=0.0)
        )
        (_bn1): BatchNorm2d(240, eps=0.001, momentum=0.010000000000000009, affine=True, track_running_stats=True)
        (_se_reduce): Conv2dStaticSamePadding(
          240, 10, kernel_size=(1, 1), stride=(1, 1)
          (static_padding): Identity()
        )
        (_se_expand): Conv2dStaticSamePadding(
          10, 240, kernel_size=(1, 1), stride=(1, 1)
          (static_padding): Identity()
        )
        (_project_conv): Conv2dStaticSamePadding(
          240, 80, kernel_size=(1, 1), stride=(1, 1), bias=False
          (static_padding): Identity()
        )
        (_bn2): BatchNorm2d(80, eps=0.001, momentum=0.010000000000000009, affine=True, track_running_stats=True)
        (_swish): MemoryEfficientSwish()
      )
      (6): MBConvBlock(
        (_expand_conv): Conv2dStaticSamePadding(
          80, 480, kernel_size=(1, 1), stride=(1, 1), bias=False
          (static_padding): Identity()
        )
        (_bn0): BatchNorm2d(480, eps=0.001, momentum=0.010000000000000009, affine=True, track_running_stats=True)
        (_depthwise_conv): Conv2dStaticSamePadding(
          480, 480, kernel_size=(3, 3), stride=(1, 1), groups=480, bias=False
          (static_padding): ZeroPad2d(padding=(1, 1, 1, 1), value=0.0)
        )
        (_bn1): BatchNorm2d(480, eps=0.001, momentum=0.010000000000000009, affine=True, track_running_stats=True)
        (_se_reduce): Conv2dStaticSamePadding(
          480, 20, kernel_size=(1, 1), stride=(1, 1)
          (static_padding): Identity()
        )
        (_se_expand): Conv2dStaticSamePadding(
          20, 480, kernel_size=(1, 1), stride=(1, 1)
          (static_padding): Identity()
        )
        (_project_conv): Conv2dStaticSamePadding(
          480, 80, kernel_size=(1, 1), stride=(1, 1), bias=False
          (static_padding): Identity()
        )
        (_bn2): BatchNorm2d(80, eps=0.001, momentum=0.010000000000000009, affine=True, track_running_stats=True)
        (_swish): MemoryEfficientSwish()
      )
      (7): MBConvBlock(
        (_expand_conv): Conv2dStaticSamePadding(
          80, 480, kernel_size=(1, 1), stride=(1, 1), bias=False
          (static_padding): Identity()
        )
        (_bn0): BatchNorm2d(480, eps=0.001, momentum=0.010000000000000009, affine=True, track_running_stats=True)
        (_depthwise_conv): Conv2dStaticSamePadding(
          480, 480, kernel_size=(3, 3), stride=(1, 1), groups=480, bias=False
          (static_padding): ZeroPad2d(padding=(1, 1, 1, 1), value=0.0)
        )
        (_bn1): BatchNorm2d(480, eps=0.001, momentum=0.010000000000000009, affine=True, track_running_stats=True)
        (_se_reduce): Conv2dStaticSamePadding(
          480, 20, kernel_size=(1, 1), stride=(1, 1)
          (static_padding): Identity()
        )
        (_se_expand): Conv2dStaticSamePadding(
          20, 480, kernel_size=(1, 1), stride=(1, 1)
          (static_padding): Identity()
        )
        (_project_conv): Conv2dStaticSamePadding(
          480, 80, kernel_size=(1, 1), stride=(1, 1), bias=False
          (static_padding): Identity()
        )
        (_bn2): BatchNorm2d(80, eps=0.001, momentum=0.010000000000000009, affine=True, track_running_stats=True)
        (_swish): MemoryEfficientSwish()
      )
      (8): MBConvBlock(
        (_expand_conv): Conv2dStaticSamePadding(
          80, 480, kernel_size=(1, 1), stride=(1, 1), bias=False
          (static_padding): Identity()
        )
        (_bn0): BatchNorm2d(480, eps=0.001, momentum=0.010000000000000009, affine=True, track_running_stats=True)
        (_depthwise_conv): Conv2dStaticSamePadding(
          480, 480, kernel_size=(5, 5), stride=[1, 1], groups=480, bias=False
          (static_padding): ZeroPad2d(padding=(2, 2, 2, 2), value=0.0)
        )
        (_bn1): BatchNorm2d(480, eps=0.001, momentum=0.010000000000000009, affine=True, track_running_stats=True)
        (_se_reduce): Conv2dStaticSamePadding(
          480, 20, kernel_size=(1, 1), stride=(1, 1)
          (static_padding): Identity()
        )
        (_se_expand): Conv2dStaticSamePadding(
          20, 480, kernel_size=(1, 1), stride=(1, 1)
          (static_padding): Identity()
        )
        (_project_conv): Conv2dStaticSamePadding(
          480, 112, kernel_size=(1, 1), stride=(1, 1), bias=False
          (static_padding): Identity()
        )
        (_bn2): BatchNorm2d(112, eps=0.001, momentum=0.010000000000000009, affine=True, track_running_stats=True)
        (_swish): MemoryEfficientSwish()
      )
      (9): MBConvBlock(
        (_expand_conv): Conv2dStaticSamePadding(
          112, 672, kernel_size=(1, 1), stride=(1, 1), bias=False
          (static_padding): Identity()
        )
        (_bn0): BatchNorm2d(672, eps=0.001, momentum=0.010000000000000009, affine=True, track_running_stats=True)
        (_depthwise_conv): Conv2dStaticSamePadding(
          672, 672, kernel_size=(5, 5), stride=(1, 1), groups=672, bias=False
          (static_padding): ZeroPad2d(padding=(2, 2, 2, 2), value=0.0)
        )
        (_bn1): BatchNorm2d(672, eps=0.001, momentum=0.010000000000000009, affine=True, track_running_stats=True)
        (_se_reduce): Conv2dStaticSamePadding(
          672, 28, kernel_size=(1, 1), stride=(1, 1)
          (static_padding): Identity()
        )
        (_se_expand): Conv2dStaticSamePadding(
          28, 672, kernel_size=(1, 1), stride=(1, 1)
          (static_padding): Identity()
        )
        (_project_conv): Conv2dStaticSamePadding(
          672, 112, kernel_size=(1, 1), stride=(1, 1), bias=False
          (static_padding): Identity()
        )
        (_bn2): BatchNorm2d(112, eps=0.001, momentum=0.010000000000000009, affine=True, track_running_stats=True)
        (_swish): MemoryEfficientSwish()
      )
      (10): MBConvBlock(
        (_expand_conv): Conv2dStaticSamePadding(
          112, 672, kernel_size=(1, 1), stride=(1, 1), bias=False
          (static_padding): Identity()
        )
        (_bn0): BatchNorm2d(672, eps=0.001, momentum=0.010000000000000009, affine=True, track_running_stats=True)
        (_depthwise_conv): Conv2dStaticSamePadding(
          672, 672, kernel_size=(5, 5), stride=(1, 1), groups=672, bias=False
          (static_padding): ZeroPad2d(padding=(2, 2, 2, 2), value=0.0)
        )
        (_bn1): BatchNorm2d(672, eps=0.001, momentum=0.010000000000000009, affine=True, track_running_stats=True)
        (_se_reduce): Conv2dStaticSamePadding(
          672, 28, kernel_size=(1, 1), stride=(1, 1)
          (static_padding): Identity()
        )
        (_se_expand): Conv2dStaticSamePadding(
          28, 672, kernel_size=(1, 1), stride=(1, 1)
          (static_padding): Identity()
        )
        (_project_conv): Conv2dStaticSamePadding(
          672, 112, kernel_size=(1, 1), stride=(1, 1), bias=False
          (static_padding): Identity()
        )
        (_bn2): BatchNorm2d(112, eps=0.001, momentum=0.010000000000000009, affine=True, track_running_stats=True)
        (_swish): MemoryEfficientSwish()
      )
      (11): MBConvBlock(
        (_expand_conv): Conv2dStaticSamePadding(
          112, 672, kernel_size=(1, 1), stride=(1, 1), bias=False
          (static_padding): Identity()
        )
        (_bn0): BatchNorm2d(672, eps=0.001, momentum=0.010000000000000009, affine=True, track_running_stats=True)
        (_depthwise_conv): Conv2dStaticSamePadding(
          672, 672, kernel_size=(5, 5), stride=[2, 2], groups=672, bias=False
          (static_padding): ZeroPad2d(padding=(1, 2, 1, 2), value=0.0)
        )
        (_bn1): BatchNorm2d(672, eps=0.001, momentum=0.010000000000000009, affine=True, track_running_stats=True)
        (_se_reduce): Conv2dStaticSamePadding(
          672, 28, kernel_size=(1, 1), stride=(1, 1)
          (static_padding): Identity()
        )
        (_se_expand): Conv2dStaticSamePadding(
          28, 672, kernel_size=(1, 1), stride=(1, 1)
          (static_padding): Identity()
        )
        (_project_conv): Conv2dStaticSamePadding(
          672, 192, kernel_size=(1, 1), stride=(1, 1), bias=False
          (static_padding): Identity()
        )
        (_bn2): BatchNorm2d(192, eps=0.001, momentum=0.010000000000000009, affine=True, track_running_stats=True)
        (_swish): MemoryEfficientSwish()
      )
      (12): MBConvBlock(
        (_expand_conv): Conv2dStaticSamePadding(
          192, 1152, kernel_size=(1, 1), stride=(1, 1), bias=False
          (static_padding): Identity()
        )
        (_bn0): BatchNorm2d(1152, eps=0.001, momentum=0.010000000000000009, affine=True, track_running_stats=True)
        (_depthwise_conv): Conv2dStaticSamePadding(
          1152, 1152, kernel_size=(5, 5), stride=(1, 1), groups=1152, bias=False
          (static_padding): ZeroPad2d(padding=(2, 2, 2, 2), value=0.0)
        )
        (_bn1): BatchNorm2d(1152, eps=0.001, momentum=0.010000000000000009, affine=True, track_running_stats=True)
        (_se_reduce): Conv2dStaticSamePadding(
          1152, 48, kernel_size=(1, 1), stride=(1, 1)
          (static_padding): Identity()
        )
        (_se_expand): Conv2dStaticSamePadding(
          48, 1152, kernel_size=(1, 1), stride=(1, 1)
          (static_padding): Identity()
        )
        (_project_conv): Conv2dStaticSamePadding(
          1152, 192, kernel_size=(1, 1), stride=(1, 1), bias=False
          (static_padding): Identity()
        )
        (_bn2): BatchNorm2d(192, eps=0.001, momentum=0.010000000000000009, affine=True, track_running_stats=True)
        (_swish): MemoryEfficientSwish()
      )
      (13): MBConvBlock(
        (_expand_conv): Conv2dStaticSamePadding(
          192, 1152, kernel_size=(1, 1), stride=(1, 1), bias=False
          (static_padding): Identity()
        )
        (_bn0): BatchNorm2d(1152, eps=0.001, momentum=0.010000000000000009, affine=True, track_running_stats=True)
        (_depthwise_conv): Conv2dStaticSamePadding(
          1152, 1152, kernel_size=(5, 5), stride=(1, 1), groups=1152, bias=False
          (static_padding): ZeroPad2d(padding=(2, 2, 2, 2), value=0.0)
        )
        (_bn1): BatchNorm2d(1152, eps=0.001, momentum=0.010000000000000009, affine=True, track_running_stats=True)
        (_se_reduce): Conv2dStaticSamePadding(
          1152, 48, kernel_size=(1, 1), stride=(1, 1)
          (static_padding): Identity()
        )
        (_se_expand): Conv2dStaticSamePadding(
          48, 1152, kernel_size=(1, 1), stride=(1, 1)
          (static_padding): Identity()
        )
        (_project_conv): Conv2dStaticSamePadding(
          1152, 192, kernel_size=(1, 1), stride=(1, 1), bias=False
          (static_padding): Identity()
        )
        (_bn2): BatchNorm2d(192, eps=0.001, momentum=0.010000000000000009, affine=True, track_running_stats=True)
        (_swish): MemoryEfficientSwish()
      )
      (14): MBConvBlock(
        (_expand_conv): Conv2dStaticSamePadding(
          192, 1152, kernel_size=(1, 1), stride=(1, 1), bias=False
          (static_padding): Identity()
        )
        (_bn0): BatchNorm2d(1152, eps=0.001, momentum=0.010000000000000009, affine=True, track_running_stats=True)
        (_depthwise_conv): Conv2dStaticSamePadding(
          1152, 1152, kernel_size=(5, 5), stride=(1, 1), groups=1152, bias=False
          (static_padding): ZeroPad2d(padding=(2, 2, 2, 2), value=0.0)
        )
        (_bn1): BatchNorm2d(1152, eps=0.001, momentum=0.010000000000000009, affine=True, track_running_stats=True)
        (_se_reduce): Conv2dStaticSamePadding(
          1152, 48, kernel_size=(1, 1), stride=(1, 1)
          (static_padding): Identity()
        )
        (_se_expand): Conv2dStaticSamePadding(
          48, 1152, kernel_size=(1, 1), stride=(1, 1)
          (static_padding): Identity()
        )
        (_project_conv): Conv2dStaticSamePadding(
          1152, 192, kernel_size=(1, 1), stride=(1, 1), bias=False
          (static_padding): Identity()
        )
        (_bn2): BatchNorm2d(192, eps=0.001, momentum=0.010000000000000009, affine=True, track_running_stats=True)
        (_swish): MemoryEfficientSwish()
      )
      (15): MBConvBlock(
        (_expand_conv): Conv2dStaticSamePadding(
          192, 1152, kernel_size=(1, 1), stride=(1, 1), bias=False
          (static_padding): Identity()
        )
        (_bn0): BatchNorm2d(1152, eps=0.001, momentum=0.010000000000000009, affine=True, track_running_stats=True)
        (_depthwise_conv): Conv2dStaticSamePadding(
          1152, 1152, kernel_size=(3, 3), stride=[1, 1], groups=1152, bias=False
          (static_padding): ZeroPad2d(padding=(1, 1, 1, 1), value=0.0)
        )
        (_bn1): BatchNorm2d(1152, eps=0.001, momentum=0.010000000000000009, affine=True, track_running_stats=True)
        (_se_reduce): Conv2dStaticSamePadding(
          1152, 48, kernel_size=(1, 1), stride=(1, 1)
          (static_padding): Identity()
        )
        (_se_expand): Conv2dStaticSamePadding(
          48, 1152, kernel_size=(1, 1), stride=(1, 1)
          (static_padding): Identity()
        )
        (_project_conv): Conv2dStaticSamePadding(
          1152, 320, kernel_size=(1, 1), stride=(1, 1), bias=False
          (static_padding): Identity()
        )
        (_bn2): BatchNorm2d(320, eps=0.001, momentum=0.010000000000000009, affine=True, track_running_stats=True)
        (_swish): MemoryEfficientSwish()
      )
    )
    (_conv_head): Conv2dStaticSamePadding(
      320, 1280, kernel_size=(1, 1), stride=(1, 1), bias=False
      (static_padding): Identity()
    )
    (_bn1): BatchNorm2d(1280, eps=0.001, momentum=0.010000000000000009, affine=True, track_running_stats=True)
    (_avg_pooling): AdaptiveAvgPool2d(output_size=1)
    (_dropout): Dropout(p=0.2, inplace=False)
    (_fc): Linear(in_features=1280, out_features=1000, bias=True)
    (_swish): MemoryEfficientSwish()
    (fc): Sequential(
      (0): Linear(in_features=1280, out_features=128, bias=True)
      (1): ReLU()
      (2): Linear(in_features=128, out_features=2, bias=True)
    )
  )
)
Parameters: 5452774
Trainable parameters: 1281000
Using: cuda:0
Start training network: 2021/05/11 08:13

/usr/local/lib/python3.7/dist-packages/torchvision/transforms/transforms.py:1201: UserWarning: Argument resample is deprecated and will be removed since v0.10.0. Please, use interpolation instead
  "Argument resample is deprecated and will be removed since v0.10.0. Please, use interpolation instead"
  0%|          | 0/347 [00:00<?, ?it/s]Using  22152 training samples
Using  1186 validation samples
Epoch 1/15
----------
100%|██████████| 347/347 [20:56<00:00,  3.62s/it]
  0%|          | 0/19 [00:00<?, ?it/s]
train Loss: 3.5983 Acc: 0.3964
100%|██████████| 19/19 [02:28<00:00,  7.80s/it]
  0%|          | 0/347 [00:00<?, ?it/s]
val Loss: 2.7252 Acc: 0.5169
Epoch 2/15
----------
100%|██████████| 347/347 [11:59<00:00,  2.07s/it]
  0%|          | 0/19 [00:00<?, ?it/s]
train Loss: 1.4930 Acc: 0.6577
100%|██████████| 19/19 [00:14<00:00,  1.28it/s]
  0%|          | 0/347 [00:00<?, ?it/s]
val Loss: 1.2364 Acc: 0.7218
Epoch 3/15
----------
100%|██████████| 347/347 [12:02<00:00,  2.08s/it]
  0%|          | 0/19 [00:00<?, ?it/s]
train Loss: 1.0931 Acc: 0.7324
100%|██████████| 19/19 [00:14<00:00,  1.27it/s]
  0%|          | 0/347 [00:00<?, ?it/s]
val Loss: 0.9769 Acc: 0.7791
Epoch 4/15
----------
100%|██████████| 347/347 [12:00<00:00,  2.08s/it]
  0%|          | 0/19 [00:00<?, ?it/s]
train Loss: 0.9025 Acc: 0.7725
100%|██████████| 19/19 [00:14<00:00,  1.28it/s]
  0%|          | 0/347 [00:00<?, ?it/s]
val Loss: 0.8297 Acc: 0.8061
Epoch 5/15
----------
100%|██████████| 347/347 [11:59<00:00,  2.07s/it]
  0%|          | 0/19 [00:00<?, ?it/s]
train Loss: 0.7858 Acc: 0.7944
100%|██████████| 19/19 [00:14<00:00,  1.28it/s]
  0%|          | 0/347 [00:00<?, ?it/s]
val Loss: 0.7337 Acc: 0.8255
Epoch 6/15
----------
100%|██████████| 347/347 [11:46<00:00,  2.04s/it]
  0%|          | 0/19 [00:00<?, ?it/s]
train Loss: 0.6987 Acc: 0.8116
100%|██████████| 19/19 [00:14<00:00,  1.28it/s]
  0%|          | 0/347 [00:00<?, ?it/s]
val Loss: 0.6523 Acc: 0.8381
Epoch 7/15
----------
100%|██████████| 347/347 [11:51<00:00,  2.05s/it]
  0%|          | 0/19 [00:00<?, ?it/s]
train Loss: 0.6365 Acc: 0.8247
100%|██████████| 19/19 [00:14<00:00,  1.28it/s]
  0%|          | 0/347 [00:00<?, ?it/s]
val Loss: 0.5937 Acc: 0.8465
Epoch 8/15
----------
100%|██████████| 347/347 [11:46<00:00,  2.04s/it]
  0%|          | 0/19 [00:00<?, ?it/s]
train Loss: 0.5848 Acc: 0.8315
100%|██████████| 19/19 [00:14<00:00,  1.27it/s]
  0%|          | 0/347 [00:00<?, ?it/s]
val Loss: 0.5461 Acc: 0.8508
Epoch 9/15
----------
100%|██████████| 347/347 [11:45<00:00,  2.03s/it]
  0%|          | 0/19 [00:00<?, ?it/s]
train Loss: 0.5398 Acc: 0.8416
100%|██████████| 19/19 [00:15<00:00,  1.26it/s]
  0%|          | 0/347 [00:00<?, ?it/s]
val Loss: 0.5128 Acc: 0.8600
Epoch 10/15
----------
100%|██████████| 347/347 [11:55<00:00,  2.06s/it]
  0%|          | 0/19 [00:00<?, ?it/s]
train Loss: 0.5059 Acc: 0.8469
100%|██████████| 19/19 [00:15<00:00,  1.25it/s]
  0%|          | 0/347 [00:00<?, ?it/s]
val Loss: 0.4836 Acc: 0.8626
Epoch 11/15
----------
100%|██████████| 347/347 [11:57<00:00,  2.07s/it]
  0%|          | 0/19 [00:00<?, ?it/s]
train Loss: 0.4787 Acc: 0.8542
100%|██████████| 19/19 [00:15<00:00,  1.25it/s]
  0%|          | 0/347 [00:00<?, ?it/s]
val Loss: 0.4583 Acc: 0.8702
Epoch 12/15
----------
100%|██████████| 347/347 [11:51<00:00,  2.05s/it]
  0%|          | 0/19 [00:00<?, ?it/s]
train Loss: 0.4533 Acc: 0.8574
100%|██████████| 19/19 [00:15<00:00,  1.23it/s]
  0%|          | 0/347 [00:00<?, ?it/s]
val Loss: 0.4373 Acc: 0.8735
Epoch 13/15
----------
100%|██████████| 347/347 [11:55<00:00,  2.06s/it]
  0%|          | 0/19 [00:00<?, ?it/s]
train Loss: 0.4387 Acc: 0.8605
100%|██████████| 19/19 [00:15<00:00,  1.27it/s]
  0%|          | 0/347 [00:00<?, ?it/s]
val Loss: 0.4195 Acc: 0.8769
Epoch 14/15
----------
100%|██████████| 347/347 [11:56<00:00,  2.07s/it]
  0%|          | 0/19 [00:00<?, ?it/s]
train Loss: 0.4182 Acc: 0.8643
100%|██████████| 19/19 [00:15<00:00,  1.26it/s]
  0%|          | 0/347 [00:00<?, ?it/s]
val Loss: 0.4022 Acc: 0.8845
Epoch 15/15
----------
100%|██████████| 347/347 [12:05<00:00,  2.09s/it]
  0%|          | 0/19 [00:00<?, ?it/s]
train Loss: 0.4043 Acc: 0.8639
100%|██████████| 19/19 [00:15<00:00,  1.25it/s]
val Loss: 0.3881 Acc: 0.8836
Training complete in 193m 53s
Best Validation Accuracy: 0.884486
---------------------------------------------------------------------------
AttributeError                            Traceback (most recent call last)
<ipython-input-6-ea93c82f6c95> in <module>()
     24 image_wise_model.train_model(args_img_wise)
     25 image_wise_model.plot_metrics("/content/gdrive/MyDrive/Models" + args_img_wise.name)
---> 26 image_wise_model.test_model(args_img_wise)
     27 image_wise_model.test_separate_classes(args_img_wise)
     28 image_wise_model.save_model("/content/gdrive/MyDrive/Models/", args_img_wise.name)

/usr/local/lib/python3.7/dist-packages/torch/nn/modules/module.py in __getattr__(self, name)
    946                 return modules[name]
    947         raise AttributeError("'{}' object has no attribute '{}'".format(
--> 948             type(self).__name__, name))
    949 
    950     def __setattr__(self, name: str, value: Union[Tensor, 'Module']) -> None:

AttributeError: 'EffNet' object has no attribute 'test_model'