Sat May 22 15:24:33 BST 2021
cgpu01.maxwell.local

Currently Loaded Modules:
  1) slurm/current   2) cudatoolkit-10.1.168

 

/tmp/slurmd/job788916/slurm_script: line 20: activate: No such file or directory
Sat May 22 15:24:36 2021       
+-----------------------------------------------------------------------------+
| NVIDIA-SMI 450.51.05    Driver Version: 450.51.05    CUDA Version: 11.0     |
|-------------------------------+----------------------+----------------------+
| GPU  Name        Persistence-M| Bus-Id        Disp.A | Volatile Uncorr. ECC |
| Fan  Temp  Perf  Pwr:Usage/Cap|         Memory-Usage | GPU-Util  Compute M. |
|                               |                      |               MIG M. |
|===============================+======================+======================|
|   0  GeForce RTX 208...  Off  | 00000000:2F:00.0 Off |                  N/A |
| 31%   49C    P0    69W / 250W |      0MiB / 11019MiB |      0%      Default |
|                               |                      |                  N/A |
+-------------------------------+----------------------+----------------------+
|   1  GeForce RTX 208...  Off  | 00000000:86:00.0 Off |                  N/A |
| 36%   46C    P0    24W / 250W |      0MiB / 11019MiB |      0%      Default |
|                               |                      |                  N/A |
+-------------------------------+----------------------+----------------------+
                                                                               
+-----------------------------------------------------------------------------+
| Processes:                                                                  |
|  GPU   GI   CI        PID   Type   Process name                  GPU Memory |
|        ID   ID                                                   Usage      |
|=============================================================================|
|  No running processes found                                                 |
+-----------------------------------------------------------------------------+
Namespace(augment=False, batch_size=32, checkpoint_path='/uoa/home/u02mv17/Repository/models/checkpoints/', classes=4, data_path='/uoa/home/u02mv17/Repository/data/ICIAR2018/patchwise_dataset/', epochs=58, flip=False, input_size=[3, 512, 512], lr=0.001, name='_BACH_patchwise_original_noaug_', output_size=[3, 64, 64], predefined_stats=False, workers=4) Namespace(arch=[64, 16, 16, 16], augment=True, batch_size=32, checkpoint_path='/uoa/home/u02mv17/Repository/models/checkpoints/', classes=4, data_path='/uoa/home/u02mv17/Repository/data/ICIAR2018/imagewise_dataset/', epochs=10, flip=False, input_size=[3, 64, 64], lam_recon=0.392, lr=0.0001, lr_decay=0.9, name='_BACH_imagewise_BaseCNN_', output_size=[3, 64, 64], pose_dim=4, predefined_stats=False, routings=3, workers=4)
PatchWiseModel(
  (features): Sequential(
    (0): Conv2d(3, 16, kernel_size=(3, 3), stride=(1, 1), padding=(1, 1))
    (1): BatchNorm2d(16, eps=1e-05, momentum=0.1, affine=True, track_running_stats=True)
    (2): ReLU(inplace=True)
    (3): Conv2d(16, 16, kernel_size=(3, 3), stride=(1, 1), padding=(1, 1))
    (4): BatchNorm2d(16, eps=1e-05, momentum=0.1, affine=True, track_running_stats=True)
    (5): ReLU(inplace=True)
    (6): Conv2d(16, 16, kernel_size=(2, 2), stride=(2, 2))
    (7): BatchNorm2d(16, eps=1e-05, momentum=0.1, affine=True, track_running_stats=True)
    (8): ReLU(inplace=True)
    (9): Conv2d(16, 32, kernel_size=(3, 3), stride=(1, 1), padding=(1, 1))
    (10): BatchNorm2d(32, eps=1e-05, momentum=0.1, affine=True, track_running_stats=True)
    (11): ReLU(inplace=True)
    (12): Conv2d(32, 32, kernel_size=(3, 3), stride=(1, 1), padding=(1, 1))
    (13): BatchNorm2d(32, eps=1e-05, momentum=0.1, affine=True, track_running_stats=True)
    (14): ReLU(inplace=True)
    (15): Conv2d(32, 32, kernel_size=(2, 2), stride=(2, 2))
    (16): BatchNorm2d(32, eps=1e-05, momentum=0.1, affine=True, track_running_stats=True)
    (17): ReLU(inplace=True)
    (18): Conv2d(32, 64, kernel_size=(3, 3), stride=(1, 1), padding=(1, 1))
    (19): BatchNorm2d(64, eps=1e-05, momentum=0.1, affine=True, track_running_stats=True)
    (20): ReLU(inplace=True)
    (21): Conv2d(64, 64, kernel_size=(3, 3), stride=(1, 1), padding=(1, 1))
    (22): BatchNorm2d(64, eps=1e-05, momentum=0.1, affine=True, track_running_stats=True)
    (23): ReLU(inplace=True)
    (24): Conv2d(64, 64, kernel_size=(2, 2), stride=(2, 2))
    (25): BatchNorm2d(64, eps=1e-05, momentum=0.1, affine=True, track_running_stats=True)
    (26): ReLU(inplace=True)
    (27): Conv2d(64, 128, kernel_size=(3, 3), stride=(1, 1), padding=(1, 1))
    (28): BatchNorm2d(128, eps=1e-05, momentum=0.1, affine=True, track_running_stats=True)
    (29): ReLU(inplace=True)
    (30): Conv2d(128, 128, kernel_size=(3, 3), stride=(1, 1), padding=(1, 1))
    (31): BatchNorm2d(128, eps=1e-05, momentum=0.1, affine=True, track_running_stats=True)
    (32): ReLU(inplace=True)
    (33): Conv2d(128, 128, kernel_size=(3, 3), stride=(1, 1), padding=(1, 1))
    (34): BatchNorm2d(128, eps=1e-05, momentum=0.1, affine=True, track_running_stats=True)
    (35): ReLU(inplace=True)
    (36): Conv2d(128, 256, kernel_size=(3, 3), stride=(1, 1), padding=(1, 1))
    (37): BatchNorm2d(256, eps=1e-05, momentum=0.1, affine=True, track_running_stats=True)
    (38): ReLU(inplace=True)
    (39): Conv2d(256, 256, kernel_size=(3, 3), stride=(1, 1), padding=(1, 1))
    (40): BatchNorm2d(256, eps=1e-05, momentum=0.1, affine=True, track_running_stats=True)
    (41): ReLU(inplace=True)
    (42): Conv2d(256, 256, kernel_size=(3, 3), stride=(1, 1), padding=(1, 1))
    (43): BatchNorm2d(256, eps=1e-05, momentum=0.1, affine=True, track_running_stats=True)
    (44): ReLU(inplace=True)
    (45): Conv2d(256, 3, kernel_size=(1, 1), stride=(1, 1))
  )
  (classifier): Sequential(
    (0): Linear(in_features=12288, out_features=4, bias=True)
  )
)
Parameters: 1990951
Trainable parameters: 1990951
Using: cuda
GeForce RTX 2080 Ti
Memory Usage:
Allocated: 0.0 GB
Cached:    0.0 GB
Start training network: 2021/05/22 15:24

Using  9800 training samples
Using  2100 validation samples
Model loaded, trained for  58 epochs
Training complete in 0m 0s
Best Validation Accuracy: 0.000000
Test Accuracy of the model: 0.71
Confusion matrix
 tensor([[399.,  36.,  47.,  43.],
        [ 15., 304.,  58.,  43.],
        [ 56., 138., 362.,  39.],
        [ 44.,  64.,  26., 426.]])
Class 0
TP 399.0, TN 1460.0, FP 115.0, FN 126.0
Sensitivity 0.76, Specificity 0.93, F1 0.77, Accuracy 0.89
Class 1
TP 304.0, TN 1442.0, FP 238.0, FN 116.0
Sensitivity 0.72, Specificity 0.86, F1 0.63, Accuracy 0.83
Class 2
TP 362.0, TN 1374.0, FP 131.0, FN 233.0
Sensitivity 0.61, Specificity 0.91, F1 0.67, Accuracy 0.83
Class 3
TP 426.0, TN 1415.0, FP 125.0, FN 134.0
Sensitivity 0.76, Specificity 0.92, F1 0.77, Accuracy 0.88
Training Accuracy of the model: 0.96
Model saved: /uoa/home/u02mv17/Repository/models/_BACH_patchwise_original_noaug__BACH_patchwise_original_noaug_2021-05-22_15-24.ckpt
Setting Linear Layer with shape: torch.Size([32, 16, 46, 46])
BaseCNN(
  (patch_wise_model): PatchWiseModel(
    (features): Sequential(
      (0): Conv2d(3, 16, kernel_size=(3, 3), stride=(1, 1), padding=(1, 1))
      (1): BatchNorm2d(16, eps=1e-05, momentum=0.1, affine=True, track_running_stats=True)
      (2): ReLU(inplace=True)
      (3): Conv2d(16, 16, kernel_size=(3, 3), stride=(1, 1), padding=(1, 1))
      (4): BatchNorm2d(16, eps=1e-05, momentum=0.1, affine=True, track_running_stats=True)
      (5): ReLU(inplace=True)
      (6): Conv2d(16, 16, kernel_size=(2, 2), stride=(2, 2))
      (7): BatchNorm2d(16, eps=1e-05, momentum=0.1, affine=True, track_running_stats=True)
      (8): ReLU(inplace=True)
      (9): Conv2d(16, 32, kernel_size=(3, 3), stride=(1, 1), padding=(1, 1))
      (10): BatchNorm2d(32, eps=1e-05, momentum=0.1, affine=True, track_running_stats=True)
      (11): ReLU(inplace=True)
      (12): Conv2d(32, 32, kernel_size=(3, 3), stride=(1, 1), padding=(1, 1))
      (13): BatchNorm2d(32, eps=1e-05, momentum=0.1, affine=True, track_running_stats=True)
      (14): ReLU(inplace=True)
      (15): Conv2d(32, 32, kernel_size=(2, 2), stride=(2, 2))
      (16): BatchNorm2d(32, eps=1e-05, momentum=0.1, affine=True, track_running_stats=True)
      (17): ReLU(inplace=True)
      (18): Conv2d(32, 64, kernel_size=(3, 3), stride=(1, 1), padding=(1, 1))
      (19): BatchNorm2d(64, eps=1e-05, momentum=0.1, affine=True, track_running_stats=True)
      (20): ReLU(inplace=True)
      (21): Conv2d(64, 64, kernel_size=(3, 3), stride=(1, 1), padding=(1, 1))
      (22): BatchNorm2d(64, eps=1e-05, momentum=0.1, affine=True, track_running_stats=True)
      (23): ReLU(inplace=True)
      (24): Conv2d(64, 64, kernel_size=(2, 2), stride=(2, 2))
      (25): BatchNorm2d(64, eps=1e-05, momentum=0.1, affine=True, track_running_stats=True)
      (26): ReLU(inplace=True)
      (27): Conv2d(64, 128, kernel_size=(3, 3), stride=(1, 1), padding=(1, 1))
      (28): BatchNorm2d(128, eps=1e-05, momentum=0.1, affine=True, track_running_stats=True)
      (29): ReLU(inplace=True)
      (30): Conv2d(128, 128, kernel_size=(3, 3), stride=(1, 1), padding=(1, 1))
      (31): BatchNorm2d(128, eps=1e-05, momentum=0.1, affine=True, track_running_stats=True)
      (32): ReLU(inplace=True)
      (33): Conv2d(128, 128, kernel_size=(3, 3), stride=(1, 1), padding=(1, 1))
      (34): BatchNorm2d(128, eps=1e-05, momentum=0.1, affine=True, track_running_stats=True)
      (35): ReLU(inplace=True)
      (36): Conv2d(128, 256, kernel_size=(3, 3), stride=(1, 1), padding=(1, 1))
      (37): BatchNorm2d(256, eps=1e-05, momentum=0.1, affine=True, track_running_stats=True)
      (38): ReLU(inplace=True)
      (39): Conv2d(256, 256, kernel_size=(3, 3), stride=(1, 1), padding=(1, 1))
      (40): BatchNorm2d(256, eps=1e-05, momentum=0.1, affine=True, track_running_stats=True)
      (41): ReLU(inplace=True)
      (42): Conv2d(256, 256, kernel_size=(3, 3), stride=(1, 1), padding=(1, 1))
      (43): BatchNorm2d(256, eps=1e-05, momentum=0.1, affine=True, track_running_stats=True)
      (44): ReLU(inplace=True)
      (45): Conv2d(256, 3, kernel_size=(1, 1), stride=(1, 1))
    )
    (classifier): Sequential(
      (0): Linear(in_features=12288, out_features=4, bias=True)
    )
  )
  (cnn_layers): Sequential(
    (0): Conv2d(3, 32, kernel_size=(5, 5), stride=(1, 1), bias=False)
    (1): BatchNorm2d(32, eps=1e-05, momentum=0.1, affine=True, track_running_stats=True)
    (2): ReLU(inplace=True)
    (3): MaxPool2d(kernel_size=3, stride=1, padding=0, dilation=1, ceil_mode=False)
    (4): Conv2d(32, 32, kernel_size=(5, 5), stride=(1, 1), bias=False)
    (5): BatchNorm2d(32, eps=1e-05, momentum=0.1, affine=True, track_running_stats=True)
    (6): ReLU(inplace=True)
    (7): MaxPool2d(kernel_size=3, stride=1, padding=0, dilation=1, ceil_mode=False)
    (8): Conv2d(32, 16, kernel_size=(5, 5), stride=(1, 1), bias=False)
    (9): BatchNorm2d(16, eps=1e-05, momentum=0.1, affine=True, track_running_stats=True)
    (10): ReLU(inplace=True)
    (11): MaxPool2d(kernel_size=3, stride=1, padding=0, dilation=1, ceil_mode=False)
  )
  (linear_layers): Sequential(
    (0): Linear(in_features=33856, out_features=64, bias=True)
    (1): ReLU(inplace=True)
    (2): Dropout(p=0.5, inplace=False)
    (3): Linear(in_features=64, out_features=32, bias=True)
    (4): ReLU(inplace=True)
    (5): Linear(in_features=32, out_features=4, bias=True)
  )
)
Parameters: 4200971
Trainable parameters: 4200971
Using: cuda
GeForce RTX 2080 Ti
Memory Usage:
Allocated: 0.0 GB
Cached:    5.8 GB
Start training network: 2021/05/22 15:28

Using  13440 training samples
Using  720 validation samples
Epoch 1/10
----------
train Loss: 0.8641 Acc: 0.6545
val Loss: 0.9811 Acc: 0.6847
Epoch 2/10
----------
train Loss: 0.6551 Acc: 0.7633
val Loss: 1.1045 Acc: 0.6347
Epoch 3/10
----------
train Loss: 0.6011 Acc: 0.7816
val Loss: 1.0219 Acc: 0.6542
Epoch 4/10
----------
train Loss: 0.5712 Acc: 0.7917
val Loss: 0.9535 Acc: 0.6528
Epoch 5/10
----------
train Loss: 0.5620 Acc: 0.7938
val Loss: 1.1410 Acc: 0.6500
Epoch 6/10
----------
train Loss: 0.5265 Acc: 0.8089
val Loss: 1.2108 Acc: 0.6389
Epoch 7/10
----------
train Loss: 0.5253 Acc: 0.8092
val Loss: 1.0486 Acc: 0.6694
Epoch 8/10
----------
train Loss: 0.5093 Acc: 0.8175
val Loss: 1.0313 Acc: 0.6597
Epoch 9/10
----------
train Loss: 0.5072 Acc: 0.8150
val Loss: 1.0601 Acc: 0.6861
Epoch 10/10
----------
train Loss: 0.4894 Acc: 0.8228
val Loss: 1.0848 Acc: 0.6708
Training complete in 150m 33s
Best Validation Accuracy: 0.686111
Test Accuracy of the model: 0.72
Average Confidence: 78.75
Test Accuracy of the model on with majority voting: 0.83
Test Accuracy of the model on with sum voting: 0.77
Test Accuracy of the model on with max voting: 0.75
Confusion matrix
 tensor([[134.,  17.,  14.,  15.],
        [  4.,  97.,  21.,  22.],
        [ 28.,  13., 152.,  11.],
        [ 22.,  27.,  10., 133.]])
Class 0
TP 134.0, TN 486.0, FP 54.0, FN 46.0
Sensitivity 0.74, Specificity 0.90, F1 0.73, Accuracy 0.86
Class 1
TP 97.0, TN 519.0, FP 57.0, FN 47.0
Sensitivity 0.67, Specificity 0.90, F1 0.65, Accuracy 0.86
Class 2
TP 152.0, TN 471.0, FP 45.0, FN 52.0
Sensitivity 0.75, Specificity 0.91, F1 0.76, Accuracy 0.87
Class 3
TP 133.0, TN 480.0, FP 48.0, FN 59.0
Sensitivity 0.69, Specificity 0.91, F1 0.71, Accuracy 0.85
Training Accuracy of the model: 0.92
Model saved: /uoa/home/u02mv17/Repository/models/_BACH_imagewise_BaseCNN__BACH_imagewise_BaseCNN_2021-05-22_15-28.ckpt
Sat May 22 18:00:35 BST 2021
