
Loaded pretrained weights for efficientnet-b0
EffNet(
  (model): EfficientNet(
    (_conv_stem): Conv2dStaticSamePadding(
      3, 32, kernel_size=(3, 3), stride=(2, 2), bias=False
      (static_padding): ZeroPad2d(padding=(0, 1, 0, 1), value=0.0)
    )
    (_bn0): BatchNorm2d(32, eps=0.001, momentum=0.010000000000000009, affine=True, track_running_stats=True)
    (_blocks): ModuleList(
      (0): MBConvBlock(
        (_depthwise_conv): Conv2dStaticSamePadding(
          32, 32, kernel_size=(3, 3), stride=[1, 1], groups=32, bias=False
          (static_padding): ZeroPad2d(padding=(1, 1, 1, 1), value=0.0)
        )
        (_bn1): BatchNorm2d(32, eps=0.001, momentum=0.010000000000000009, affine=True, track_running_stats=True)
        (_se_reduce): Conv2dStaticSamePadding(
          32, 8, kernel_size=(1, 1), stride=(1, 1)
          (static_padding): Identity()
        )
        (_se_expand): Conv2dStaticSamePadding(
          8, 32, kernel_size=(1, 1), stride=(1, 1)
          (static_padding): Identity()
        )
        (_project_conv): Conv2dStaticSamePadding(
          32, 16, kernel_size=(1, 1), stride=(1, 1), bias=False
          (static_padding): Identity()
        )
        (_bn2): BatchNorm2d(16, eps=0.001, momentum=0.010000000000000009, affine=True, track_running_stats=True)
        (_swish): MemoryEfficientSwish()
      )
      (1): MBConvBlock(
        (_expand_conv): Conv2dStaticSamePadding(
          16, 96, kernel_size=(1, 1), stride=(1, 1), bias=False
          (static_padding): Identity()
        )
        (_bn0): BatchNorm2d(96, eps=0.001, momentum=0.010000000000000009, affine=True, track_running_stats=True)
        (_depthwise_conv): Conv2dStaticSamePadding(
          96, 96, kernel_size=(3, 3), stride=[2, 2], groups=96, bias=False
          (static_padding): ZeroPad2d(padding=(0, 1, 0, 1), value=0.0)
        )
        (_bn1): BatchNorm2d(96, eps=0.001, momentum=0.010000000000000009, affine=True, track_running_stats=True)
        (_se_reduce): Conv2dStaticSamePadding(
          96, 4, kernel_size=(1, 1), stride=(1, 1)
          (static_padding): Identity()
        )
        (_se_expand): Conv2dStaticSamePadding(
          4, 96, kernel_size=(1, 1), stride=(1, 1)
          (static_padding): Identity()
        )
        (_project_conv): Conv2dStaticSamePadding(
          96, 24, kernel_size=(1, 1), stride=(1, 1), bias=False
          (static_padding): Identity()
        )
        (_bn2): BatchNorm2d(24, eps=0.001, momentum=0.010000000000000009, affine=True, track_running_stats=True)
        (_swish): MemoryEfficientSwish()
      )
      (2): MBConvBlock(
        (_expand_conv): Conv2dStaticSamePadding(
          24, 144, kernel_size=(1, 1), stride=(1, 1), bias=False
          (static_padding): Identity()
        )
        (_bn0): BatchNorm2d(144, eps=0.001, momentum=0.010000000000000009, affine=True, track_running_stats=True)
        (_depthwise_conv): Conv2dStaticSamePadding(
          144, 144, kernel_size=(3, 3), stride=(1, 1), groups=144, bias=False
          (static_padding): ZeroPad2d(padding=(1, 1, 1, 1), value=0.0)
        )
        (_bn1): BatchNorm2d(144, eps=0.001, momentum=0.010000000000000009, affine=True, track_running_stats=True)
        (_se_reduce): Conv2dStaticSamePadding(
          144, 6, kernel_size=(1, 1), stride=(1, 1)
          (static_padding): Identity()
        )
        (_se_expand): Conv2dStaticSamePadding(
          6, 144, kernel_size=(1, 1), stride=(1, 1)
          (static_padding): Identity()
        )
        (_project_conv): Conv2dStaticSamePadding(
          144, 24, kernel_size=(1, 1), stride=(1, 1), bias=False
          (static_padding): Identity()
        )
        (_bn2): BatchNorm2d(24, eps=0.001, momentum=0.010000000000000009, affine=True, track_running_stats=True)
        (_swish): MemoryEfficientSwish()
      )
      (3): MBConvBlock(
        (_expand_conv): Conv2dStaticSamePadding(
          24, 144, kernel_size=(1, 1), stride=(1, 1), bias=False
          (static_padding): Identity()
        )
        (_bn0): BatchNorm2d(144, eps=0.001, momentum=0.010000000000000009, affine=True, track_running_stats=True)
        (_depthwise_conv): Conv2dStaticSamePadding(
          144, 144, kernel_size=(5, 5), stride=[2, 2], groups=144, bias=False
          (static_padding): ZeroPad2d(padding=(1, 2, 1, 2), value=0.0)
        )
        (_bn1): BatchNorm2d(144, eps=0.001, momentum=0.010000000000000009, affine=True, track_running_stats=True)
        (_se_reduce): Conv2dStaticSamePadding(
          144, 6, kernel_size=(1, 1), stride=(1, 1)
          (static_padding): Identity()
        )
        (_se_expand): Conv2dStaticSamePadding(
          6, 144, kernel_size=(1, 1), stride=(1, 1)
          (static_padding): Identity()
        )
        (_project_conv): Conv2dStaticSamePadding(
          144, 40, kernel_size=(1, 1), stride=(1, 1), bias=False
          (static_padding): Identity()
        )
        (_bn2): BatchNorm2d(40, eps=0.001, momentum=0.010000000000000009, affine=True, track_running_stats=True)
        (_swish): MemoryEfficientSwish()
      )
      (4): MBConvBlock(
        (_expand_conv): Conv2dStaticSamePadding(
          40, 240, kernel_size=(1, 1), stride=(1, 1), bias=False
          (static_padding): Identity()
        )
        (_bn0): BatchNorm2d(240, eps=0.001, momentum=0.010000000000000009, affine=True, track_running_stats=True)
        (_depthwise_conv): Conv2dStaticSamePadding(
          240, 240, kernel_size=(5, 5), stride=(1, 1), groups=240, bias=False
          (static_padding): ZeroPad2d(padding=(2, 2, 2, 2), value=0.0)
        )
        (_bn1): BatchNorm2d(240, eps=0.001, momentum=0.010000000000000009, affine=True, track_running_stats=True)
        (_se_reduce): Conv2dStaticSamePadding(
          240, 10, kernel_size=(1, 1), stride=(1, 1)
          (static_padding): Identity()
        )
        (_se_expand): Conv2dStaticSamePadding(
          10, 240, kernel_size=(1, 1), stride=(1, 1)
          (static_padding): Identity()
        )
        (_project_conv): Conv2dStaticSamePadding(
          240, 40, kernel_size=(1, 1), stride=(1, 1), bias=False
          (static_padding): Identity()
        )
        (_bn2): BatchNorm2d(40, eps=0.001, momentum=0.010000000000000009, affine=True, track_running_stats=True)
        (_swish): MemoryEfficientSwish()
      )
      (5): MBConvBlock(
        (_expand_conv): Conv2dStaticSamePadding(
          40, 240, kernel_size=(1, 1), stride=(1, 1), bias=False
          (static_padding): Identity()
        )
        (_bn0): BatchNorm2d(240, eps=0.001, momentum=0.010000000000000009, affine=True, track_running_stats=True)
        (_depthwise_conv): Conv2dStaticSamePadding(
          240, 240, kernel_size=(3, 3), stride=[2, 2], groups=240, bias=False
          (static_padding): ZeroPad2d(padding=(0, 1, 0, 1), value=0.0)
        )
        (_bn1): BatchNorm2d(240, eps=0.001, momentum=0.010000000000000009, affine=True, track_running_stats=True)
        (_se_reduce): Conv2dStaticSamePadding(
          240, 10, kernel_size=(1, 1), stride=(1, 1)
          (static_padding): Identity()
        )
        (_se_expand): Conv2dStaticSamePadding(
          10, 240, kernel_size=(1, 1), stride=(1, 1)
          (static_padding): Identity()
        )
        (_project_conv): Conv2dStaticSamePadding(
          240, 80, kernel_size=(1, 1), stride=(1, 1), bias=False
          (static_padding): Identity()
        )
        (_bn2): BatchNorm2d(80, eps=0.001, momentum=0.010000000000000009, affine=True, track_running_stats=True)
        (_swish): MemoryEfficientSwish()
      )
      (6): MBConvBlock(
        (_expand_conv): Conv2dStaticSamePadding(
          80, 480, kernel_size=(1, 1), stride=(1, 1), bias=False
          (static_padding): Identity()
        )
        (_bn0): BatchNorm2d(480, eps=0.001, momentum=0.010000000000000009, affine=True, track_running_stats=True)
        (_depthwise_conv): Conv2dStaticSamePadding(
          480, 480, kernel_size=(3, 3), stride=(1, 1), groups=480, bias=False
          (static_padding): ZeroPad2d(padding=(1, 1, 1, 1), value=0.0)
        )
        (_bn1): BatchNorm2d(480, eps=0.001, momentum=0.010000000000000009, affine=True, track_running_stats=True)
        (_se_reduce): Conv2dStaticSamePadding(
          480, 20, kernel_size=(1, 1), stride=(1, 1)
          (static_padding): Identity()
        )
        (_se_expand): Conv2dStaticSamePadding(
          20, 480, kernel_size=(1, 1), stride=(1, 1)
          (static_padding): Identity()
        )
        (_project_conv): Conv2dStaticSamePadding(
          480, 80, kernel_size=(1, 1), stride=(1, 1), bias=False
          (static_padding): Identity()
        )
        (_bn2): BatchNorm2d(80, eps=0.001, momentum=0.010000000000000009, affine=True, track_running_stats=True)
        (_swish): MemoryEfficientSwish()
      )
      (7): MBConvBlock(
        (_expand_conv): Conv2dStaticSamePadding(
          80, 480, kernel_size=(1, 1), stride=(1, 1), bias=False
          (static_padding): Identity()
        )
        (_bn0): BatchNorm2d(480, eps=0.001, momentum=0.010000000000000009, affine=True, track_running_stats=True)
        (_depthwise_conv): Conv2dStaticSamePadding(
          480, 480, kernel_size=(3, 3), stride=(1, 1), groups=480, bias=False
          (static_padding): ZeroPad2d(padding=(1, 1, 1, 1), value=0.0)
        )
        (_bn1): BatchNorm2d(480, eps=0.001, momentum=0.010000000000000009, affine=True, track_running_stats=True)
        (_se_reduce): Conv2dStaticSamePadding(
          480, 20, kernel_size=(1, 1), stride=(1, 1)
          (static_padding): Identity()
        )
        (_se_expand): Conv2dStaticSamePadding(
          20, 480, kernel_size=(1, 1), stride=(1, 1)
          (static_padding): Identity()
        )
        (_project_conv): Conv2dStaticSamePadding(
          480, 80, kernel_size=(1, 1), stride=(1, 1), bias=False
          (static_padding): Identity()
        )
        (_bn2): BatchNorm2d(80, eps=0.001, momentum=0.010000000000000009, affine=True, track_running_stats=True)
        (_swish): MemoryEfficientSwish()
      )
      (8): MBConvBlock(
        (_expand_conv): Conv2dStaticSamePadding(
          80, 480, kernel_size=(1, 1), stride=(1, 1), bias=False
          (static_padding): Identity()
        )
        (_bn0): BatchNorm2d(480, eps=0.001, momentum=0.010000000000000009, affine=True, track_running_stats=True)
        (_depthwise_conv): Conv2dStaticSamePadding(
          480, 480, kernel_size=(5, 5), stride=[1, 1], groups=480, bias=False
          (static_padding): ZeroPad2d(padding=(2, 2, 2, 2), value=0.0)
        )
        (_bn1): BatchNorm2d(480, eps=0.001, momentum=0.010000000000000009, affine=True, track_running_stats=True)
        (_se_reduce): Conv2dStaticSamePadding(
          480, 20, kernel_size=(1, 1), stride=(1, 1)
          (static_padding): Identity()
        )
        (_se_expand): Conv2dStaticSamePadding(
          20, 480, kernel_size=(1, 1), stride=(1, 1)
          (static_padding): Identity()
        )
        (_project_conv): Conv2dStaticSamePadding(
          480, 112, kernel_size=(1, 1), stride=(1, 1), bias=False
          (static_padding): Identity()
        )
        (_bn2): BatchNorm2d(112, eps=0.001, momentum=0.010000000000000009, affine=True, track_running_stats=True)
        (_swish): MemoryEfficientSwish()
      )
      (9): MBConvBlock(
        (_expand_conv): Conv2dStaticSamePadding(
          112, 672, kernel_size=(1, 1), stride=(1, 1), bias=False
          (static_padding): Identity()
        )
        (_bn0): BatchNorm2d(672, eps=0.001, momentum=0.010000000000000009, affine=True, track_running_stats=True)
        (_depthwise_conv): Conv2dStaticSamePadding(
          672, 672, kernel_size=(5, 5), stride=(1, 1), groups=672, bias=False
          (static_padding): ZeroPad2d(padding=(2, 2, 2, 2), value=0.0)
        )
        (_bn1): BatchNorm2d(672, eps=0.001, momentum=0.010000000000000009, affine=True, track_running_stats=True)
        (_se_reduce): Conv2dStaticSamePadding(
          672, 28, kernel_size=(1, 1), stride=(1, 1)
          (static_padding): Identity()
        )
        (_se_expand): Conv2dStaticSamePadding(
          28, 672, kernel_size=(1, 1), stride=(1, 1)
          (static_padding): Identity()
        )
        (_project_conv): Conv2dStaticSamePadding(
          672, 112, kernel_size=(1, 1), stride=(1, 1), bias=False
          (static_padding): Identity()
        )
        (_bn2): BatchNorm2d(112, eps=0.001, momentum=0.010000000000000009, affine=True, track_running_stats=True)
        (_swish): MemoryEfficientSwish()
      )
      (10): MBConvBlock(
        (_expand_conv): Conv2dStaticSamePadding(
          112, 672, kernel_size=(1, 1), stride=(1, 1), bias=False
          (static_padding): Identity()
        )
        (_bn0): BatchNorm2d(672, eps=0.001, momentum=0.010000000000000009, affine=True, track_running_stats=True)
        (_depthwise_conv): Conv2dStaticSamePadding(
          672, 672, kernel_size=(5, 5), stride=(1, 1), groups=672, bias=False
          (static_padding): ZeroPad2d(padding=(2, 2, 2, 2), value=0.0)
        )
        (_bn1): BatchNorm2d(672, eps=0.001, momentum=0.010000000000000009, affine=True, track_running_stats=True)
        (_se_reduce): Conv2dStaticSamePadding(
          672, 28, kernel_size=(1, 1), stride=(1, 1)
          (static_padding): Identity()
        )
        (_se_expand): Conv2dStaticSamePadding(
          28, 672, kernel_size=(1, 1), stride=(1, 1)
          (static_padding): Identity()
        )
        (_project_conv): Conv2dStaticSamePadding(
          672, 112, kernel_size=(1, 1), stride=(1, 1), bias=False
          (static_padding): Identity()
        )
        (_bn2): BatchNorm2d(112, eps=0.001, momentum=0.010000000000000009, affine=True, track_running_stats=True)
        (_swish): MemoryEfficientSwish()
      )
      (11): MBConvBlock(
        (_expand_conv): Conv2dStaticSamePadding(
          112, 672, kernel_size=(1, 1), stride=(1, 1), bias=False
          (static_padding): Identity()
        )
        (_bn0): BatchNorm2d(672, eps=0.001, momentum=0.010000000000000009, affine=True, track_running_stats=True)
        (_depthwise_conv): Conv2dStaticSamePadding(
          672, 672, kernel_size=(5, 5), stride=[2, 2], groups=672, bias=False
          (static_padding): ZeroPad2d(padding=(1, 2, 1, 2), value=0.0)
        )
        (_bn1): BatchNorm2d(672, eps=0.001, momentum=0.010000000000000009, affine=True, track_running_stats=True)
        (_se_reduce): Conv2dStaticSamePadding(
          672, 28, kernel_size=(1, 1), stride=(1, 1)
          (static_padding): Identity()
        )
        (_se_expand): Conv2dStaticSamePadding(
          28, 672, kernel_size=(1, 1), stride=(1, 1)
          (static_padding): Identity()
        )
        (_project_conv): Conv2dStaticSamePadding(
          672, 192, kernel_size=(1, 1), stride=(1, 1), bias=False
          (static_padding): Identity()
        )
        (_bn2): BatchNorm2d(192, eps=0.001, momentum=0.010000000000000009, affine=True, track_running_stats=True)
        (_swish): MemoryEfficientSwish()
      )
      (12): MBConvBlock(
        (_expand_conv): Conv2dStaticSamePadding(
          192, 1152, kernel_size=(1, 1), stride=(1, 1), bias=False
          (static_padding): Identity()
        )
        (_bn0): BatchNorm2d(1152, eps=0.001, momentum=0.010000000000000009, affine=True, track_running_stats=True)
        (_depthwise_conv): Conv2dStaticSamePadding(
          1152, 1152, kernel_size=(5, 5), stride=(1, 1), groups=1152, bias=False
          (static_padding): ZeroPad2d(padding=(2, 2, 2, 2), value=0.0)
        )
        (_bn1): BatchNorm2d(1152, eps=0.001, momentum=0.010000000000000009, affine=True, track_running_stats=True)
        (_se_reduce): Conv2dStaticSamePadding(
          1152, 48, kernel_size=(1, 1), stride=(1, 1)
          (static_padding): Identity()
        )
        (_se_expand): Conv2dStaticSamePadding(
          48, 1152, kernel_size=(1, 1), stride=(1, 1)
          (static_padding): Identity()
        )
        (_project_conv): Conv2dStaticSamePadding(
          1152, 192, kernel_size=(1, 1), stride=(1, 1), bias=False
          (static_padding): Identity()
        )
        (_bn2): BatchNorm2d(192, eps=0.001, momentum=0.010000000000000009, affine=True, track_running_stats=True)
        (_swish): MemoryEfficientSwish()
      )
      (13): MBConvBlock(
        (_expand_conv): Conv2dStaticSamePadding(
          192, 1152, kernel_size=(1, 1), stride=(1, 1), bias=False
          (static_padding): Identity()
        )
        (_bn0): BatchNorm2d(1152, eps=0.001, momentum=0.010000000000000009, affine=True, track_running_stats=True)
        (_depthwise_conv): Conv2dStaticSamePadding(
          1152, 1152, kernel_size=(5, 5), stride=(1, 1), groups=1152, bias=False
          (static_padding): ZeroPad2d(padding=(2, 2, 2, 2), value=0.0)
        )
        (_bn1): BatchNorm2d(1152, eps=0.001, momentum=0.010000000000000009, affine=True, track_running_stats=True)
        (_se_reduce): Conv2dStaticSamePadding(
          1152, 48, kernel_size=(1, 1), stride=(1, 1)
          (static_padding): Identity()
        )
        (_se_expand): Conv2dStaticSamePadding(
          48, 1152, kernel_size=(1, 1), stride=(1, 1)
          (static_padding): Identity()
        )
        (_project_conv): Conv2dStaticSamePadding(
          1152, 192, kernel_size=(1, 1), stride=(1, 1), bias=False
          (static_padding): Identity()
        )
        (_bn2): BatchNorm2d(192, eps=0.001, momentum=0.010000000000000009, affine=True, track_running_stats=True)
        (_swish): MemoryEfficientSwish()
      )
      (14): MBConvBlock(
        (_expand_conv): Conv2dStaticSamePadding(
          192, 1152, kernel_size=(1, 1), stride=(1, 1), bias=False
          (static_padding): Identity()
        )
        (_bn0): BatchNorm2d(1152, eps=0.001, momentum=0.010000000000000009, affine=True, track_running_stats=True)
        (_depthwise_conv): Conv2dStaticSamePadding(
          1152, 1152, kernel_size=(5, 5), stride=(1, 1), groups=1152, bias=False
          (static_padding): ZeroPad2d(padding=(2, 2, 2, 2), value=0.0)
        )
        (_bn1): BatchNorm2d(1152, eps=0.001, momentum=0.010000000000000009, affine=True, track_running_stats=True)
        (_se_reduce): Conv2dStaticSamePadding(
          1152, 48, kernel_size=(1, 1), stride=(1, 1)
          (static_padding): Identity()
        )
        (_se_expand): Conv2dStaticSamePadding(
          48, 1152, kernel_size=(1, 1), stride=(1, 1)
          (static_padding): Identity()
        )
        (_project_conv): Conv2dStaticSamePadding(
          1152, 192, kernel_size=(1, 1), stride=(1, 1), bias=False
          (static_padding): Identity()
        )
        (_bn2): BatchNorm2d(192, eps=0.001, momentum=0.010000000000000009, affine=True, track_running_stats=True)
        (_swish): MemoryEfficientSwish()
      )
      (15): MBConvBlock(
        (_expand_conv): Conv2dStaticSamePadding(
          192, 1152, kernel_size=(1, 1), stride=(1, 1), bias=False
          (static_padding): Identity()
        )
        (_bn0): BatchNorm2d(1152, eps=0.001, momentum=0.010000000000000009, affine=True, track_running_stats=True)
        (_depthwise_conv): Conv2dStaticSamePadding(
          1152, 1152, kernel_size=(3, 3), stride=[1, 1], groups=1152, bias=False
          (static_padding): ZeroPad2d(padding=(1, 1, 1, 1), value=0.0)
        )
        (_bn1): BatchNorm2d(1152, eps=0.001, momentum=0.010000000000000009, affine=True, track_running_stats=True)
        (_se_reduce): Conv2dStaticSamePadding(
          1152, 48, kernel_size=(1, 1), stride=(1, 1)
          (static_padding): Identity()
        )
        (_se_expand): Conv2dStaticSamePadding(
          48, 1152, kernel_size=(1, 1), stride=(1, 1)
          (static_padding): Identity()
        )
        (_project_conv): Conv2dStaticSamePadding(
          1152, 320, kernel_size=(1, 1), stride=(1, 1), bias=False
          (static_padding): Identity()
        )
        (_bn2): BatchNorm2d(320, eps=0.001, momentum=0.010000000000000009, affine=True, track_running_stats=True)
        (_swish): MemoryEfficientSwish()
      )
    )
    (_conv_head): Conv2dStaticSamePadding(
      320, 1280, kernel_size=(1, 1), stride=(1, 1), bias=False
      (static_padding): Identity()
    )
    (_bn1): BatchNorm2d(1280, eps=0.001, momentum=0.010000000000000009, affine=True, track_running_stats=True)
    (_avg_pooling): AdaptiveAvgPool2d(output_size=1)
    (_dropout): Dropout(p=0.2, inplace=False)
    (_fc): Linear(in_features=1280, out_features=1000, bias=True)
    (_swish): MemoryEfficientSwish()
    (fc): Sequential(
      (0): Linear(in_features=1280, out_features=128, bias=True)
      (1): ReLU()
      (2): Linear(in_features=128, out_features=4, bias=True)
    )
  )
)
Parameters: 5453032
Trainable parameters: 1281000
Using: cuda:0
Start training network: 2021/05/14 09:26

/usr/local/lib/python3.7/dist-packages/torchvision/transforms/transforms.py:1201: UserWarning: Argument resample is deprecated and will be removed since v0.10.0. Please, use interpolation instead
  "Argument resample is deprecated and will be removed since v0.10.0. Please, use interpolation instead"
  0%|          | 0/613 [00:00<?, ?it/s]Using  39208 training samples
Using  2100 validation samples
Epoch 1/10
----------
100%|██████████| 613/613 [21:06<00:00,  2.07s/it]
  0%|          | 0/33 [00:00<?, ?it/s]train Loss: 1.1344 Acc: 0.6401
100%|██████████| 33/33 [00:25<00:00,  1.29it/s]
  0%|          | 0/613 [00:00<?, ?it/s]val Loss: 1.0221 Acc: 0.6548
Epoch 2/10
----------
100%|██████████| 613/613 [21:11<00:00,  2.07s/it]
  0%|          | 0/33 [00:00<?, ?it/s]train Loss: 0.6400 Acc: 0.7762
100%|██████████| 33/33 [00:25<00:00,  1.28it/s]
  0%|          | 0/613 [00:00<?, ?it/s]val Loss: 0.9479 Acc: 0.6743
Epoch 3/10
----------
100%|██████████| 613/613 [21:08<00:00,  2.07s/it]
  0%|          | 0/33 [00:00<?, ?it/s]train Loss: 0.5496 Acc: 0.8047
100%|██████████| 33/33 [00:25<00:00,  1.29it/s]
  0%|          | 0/613 [00:00<?, ?it/s]val Loss: 0.9400 Acc: 0.6790
Epoch 4/10
----------
100%|██████████| 613/613 [21:20<00:00,  2.09s/it]
  0%|          | 0/33 [00:00<?, ?it/s]train Loss: 0.5107 Acc: 0.8159
100%|██████████| 33/33 [00:25<00:00,  1.28it/s]
  0%|          | 0/613 [00:00<?, ?it/s]val Loss: 0.9232 Acc: 0.6905
Epoch 5/10
----------
100%|██████████| 613/613 [21:32<00:00,  2.11s/it]
  0%|          | 0/33 [00:00<?, ?it/s]train Loss: 0.4855 Acc: 0.8199
100%|██████████| 33/33 [00:26<00:00,  1.26it/s]
  0%|          | 0/613 [00:00<?, ?it/s]val Loss: 0.9324 Acc: 0.6919
Epoch 6/10
----------
100%|██████████| 613/613 [21:31<00:00,  2.11s/it]
  0%|          | 0/33 [00:00<?, ?it/s]train Loss: 0.4723 Acc: 0.8276
100%|██████████| 33/33 [00:25<00:00,  1.27it/s]
  0%|          | 0/613 [00:00<?, ?it/s]val Loss: 0.9103 Acc: 0.7029
Epoch 7/10
----------
100%|██████████| 613/613 [21:27<00:00,  2.10s/it]
  0%|          | 0/33 [00:00<?, ?it/s]train Loss: 0.4640 Acc: 0.8281
100%|██████████| 33/33 [00:25<00:00,  1.27it/s]
  0%|          | 0/613 [00:00<?, ?it/s]val Loss: 0.9243 Acc: 0.7019
Epoch 8/10
----------
100%|██████████| 613/613 [21:23<00:00,  2.09s/it]
  0%|          | 0/33 [00:00<?, ?it/s]train Loss: 0.4508 Acc: 0.8330
100%|██████████| 33/33 [00:25<00:00,  1.27it/s]
  0%|          | 0/613 [00:00<?, ?it/s]val Loss: 0.9260 Acc: 0.7110
Epoch 9/10
----------
100%|██████████| 613/613 [45:09<00:00,  4.42s/it]
  0%|          | 0/33 [00:00<?, ?it/s]train Loss: 0.4533 Acc: 0.8304
100%|██████████| 33/33 [06:15<00:00, 11.37s/it]
  0%|          | 0/613 [00:00<?, ?it/s]val Loss: 0.9315 Acc: 0.7043
Epoch 10/10
----------
100%|██████████| 613/613 [20:14<00:00,  1.98s/it]
  0%|          | 0/33 [00:00<?, ?it/s]train Loss: 0.4426 Acc: 0.8336
100%|██████████| 33/33 [00:23<00:00,  1.43it/s]
val Loss: 0.9040 Acc: 0.7119
Training complete in 72m 3s
Best Validation Accuracy: 0.711905
Model saved: /content/gdrive/MyDrive/Models/_BACH_EffNet__BACH_EffNet_2021-05-15_09-22.ckpt
/content/gdrive/MyDrive/Models/_BACH_EffNet__BACH_EffNet_2021-05-15_09-22.ckpt
