VariationalCapsules(
  (patch_wise_model): PatchWiseModel(
    (features): Sequential(
      (0): Conv2d(3, 16, kernel_size=(3, 3), stride=(1, 1), padding=(1, 1))
      (1): BatchNorm2d(16, eps=1e-05, momentum=0.1, affine=True, track_running_stats=True)
      (2): ReLU(inplace=True)
      (3): Conv2d(16, 16, kernel_size=(3, 3), stride=(1, 1), padding=(1, 1))
      (4): BatchNorm2d(16, eps=1e-05, momentum=0.1, affine=True, track_running_stats=True)
      (5): ReLU(inplace=True)
      (6): Conv2d(16, 16, kernel_size=(2, 2), stride=(2, 2))
      (7): BatchNorm2d(16, eps=1e-05, momentum=0.1, affine=True, track_running_stats=True)
      (8): ReLU(inplace=True)
      (9): Conv2d(16, 32, kernel_size=(3, 3), stride=(1, 1), padding=(1, 1))
      (10): BatchNorm2d(32, eps=1e-05, momentum=0.1, affine=True, track_running_stats=True)
      (11): ReLU(inplace=True)
      (12): Conv2d(32, 32, kernel_size=(3, 3), stride=(1, 1), padding=(1, 1))
      (13): BatchNorm2d(32, eps=1e-05, momentum=0.1, affine=True, track_running_stats=True)
      (14): ReLU(inplace=True)
      (15): Conv2d(32, 32, kernel_size=(2, 2), stride=(2, 2))
      (16): BatchNorm2d(32, eps=1e-05, momentum=0.1, affine=True, track_running_stats=True)
      (17): ReLU(inplace=True)
      (18): Conv2d(32, 64, kernel_size=(3, 3), stride=(1, 1), padding=(1, 1))
      (19): BatchNorm2d(64, eps=1e-05, momentum=0.1, affine=True, track_running_stats=True)
      (20): ReLU(inplace=True)
      (21): Conv2d(64, 64, kernel_size=(3, 3), stride=(1, 1), padding=(1, 1))
      (22): BatchNorm2d(64, eps=1e-05, momentum=0.1, affine=True, track_running_stats=True)
      (23): ReLU(inplace=True)
      (24): Conv2d(64, 64, kernel_size=(2, 2), stride=(2, 2))
      (25): BatchNorm2d(64, eps=1e-05, momentum=0.1, affine=True, track_running_stats=True)
      (26): ReLU(inplace=True)
      (27): Conv2d(64, 3, kernel_size=(1, 1), stride=(1, 1))
    )
    (classifier): Sequential(
      (0): Linear(in_features=12288, out_features=3, bias=True)
    )
  )
  (Conv_1): Conv2d(3, 64, kernel_size=(5, 5), stride=(2, 2), bias=False)
  (BN_1): BatchNorm2d(64, eps=1e-05, momentum=0.1, affine=True, track_running_stats=True)
  (PrimaryCaps): PrimaryCapsules2d(
    (BN_a): BatchNorm2d(16, eps=1e-05, momentum=0.1, affine=True, track_running_stats=True)
    (BN_p): BatchNorm3d(16, eps=1e-05, momentum=0.1, affine=True, track_running_stats=True)
  )
  (ConvCaps_1): ConvCapsules2d()
  (ConvRouting_1): VariationalBayesRouting2d(
    (BN_v): BatchNorm3d(8, eps=1e-05, momentum=0.1, affine=False, track_running_stats=True)
    (BN_a): BatchNorm2d(8, eps=1e-05, momentum=0.1, affine=False, track_running_stats=True)
  )
  (ConvCaps_2): ConvCapsules2d()
  (ConvRouting_2): VariationalBayesRouting2d(
    (BN_v): BatchNorm3d(8, eps=1e-05, momentum=0.1, affine=False, track_running_stats=True)
    (BN_a): BatchNorm2d(8, eps=1e-05, momentum=0.1, affine=False, track_running_stats=True)
  )
  (ClassCaps): ConvCapsules2d()
  (ClassRouting): VariationalBayesRouting2d(
    (BN_v): BatchNorm3d(3, eps=1e-05, momentum=0.1, affine=False, track_running_stats=True)
    (BN_a): BatchNorm2d(3, eps=1e-05, momentum=0.1, affine=False, track_running_stats=True)
  )
)
Parameters: 181900
Trainable parameters: 181900
Using: cuda
Tesla P100-PCIE-16GB
Memory Usage:
Allocated: 0.0 GB
Cached:    0.0 GB
Start training network: 2021/05/27 07:27

/usr/local/lib/python3.7/dist-packages/torchvision/transforms/transforms.py:1201: UserWarning: Argument resample is deprecated and will be removed since v0.10.0. Please, use interpolation instead
  "Argument resample is deprecated and will be removed since v0.10.0. Please, use interpolation instead"
Using  30960 training samples
Using  1656 validation samples
Epoch 1/10
----------
100%|██████████| 3870/3870 [1:05:13<00:00,  1.01s/it]
  0%|          | 0/207 [00:00<?, ?it/s]
train Loss: 1.1092 Acc: 0.4490
100%|██████████| 207/207 [10:38<00:00,  3.09s/it]
  0%|          | 0/3870 [00:00<?, ?it/s]
val Loss: 1.0490 Acc: 0.4531
Epoch 2/10
----------
100%|██████████| 3870/3870 [1:05:13<00:00,  1.01s/it]
  0%|          | 0/207 [00:00<?, ?it/s]
train Loss: 1.0109 Acc: 0.4790
100%|██████████| 207/207 [10:38<00:00,  3.09s/it]
  0%|          | 0/3870 [00:00<?, ?it/s]
val Loss: 1.0048 Acc: 0.4731
Epoch 3/10
----------
100%|██████████| 3870/3870 [1:05:13<00:00,  1.01s/it]
  0%|          | 0/207 [00:00<?, ?it/s]
train Loss: 1.0091 Acc: 0.5490
100%|██████████| 207/207 [10:38<00:00,  3.09s/it]
  0%|          | 0/3870 [00:00<?, ?it/s]
val Loss: 1.0484 Acc: 0.4831
Epoch 4/10
----------
100%|██████████| 3870/3870 [20:07<00:00,  3.21it/s]
  0%|          | 0/207 [00:00<?, ?it/s]
train Loss: 1.0047 Acc: 0.5551
100%|██████████| 207/207 [00:22<00:00,  9.09it/s]
  0%|          | 0/3870 [00:00<?, ?it/s]
val Loss: 1.0489 Acc: 0.4801
Epoch 5/10
----------
100%|██████████| 3870/3870 [20:06<00:00,  3.21it/s]
  0%|          | 0/207 [00:00<?, ?it/s]
train Loss: 0.9994 Acc: 0.5685
100%|██████████| 207/207 [00:23<00:00,  8.95it/s]
  0%|          | 0/3870 [00:00<?, ?it/s]
val Loss: 1.0479 Acc: 0.4795
Epoch 6/10
----------
100%|██████████| 3870/3870 [20:18<00:00,  3.18it/s]
  0%|          | 0/207 [00:00<?, ?it/s]
train Loss: 0.9973 Acc: 0.5689
100%|██████████| 207/207 [00:23<00:00,  8.93it/s]
  0%|          | 0/3870 [00:00<?, ?it/s]
val Loss: 1.0409 Acc: 0.4789
Epoch 7/10
----------
100%|██████████| 3870/3870 [20:17<00:00,  3.18it/s]
  0%|          | 0/207 [00:00<?, ?it/s]
train Loss: 0.9946 Acc: 0.5761
100%|██████████| 207/207 [00:23<00:00,  8.90it/s]
  0%|          | 0/3870 [00:00<?, ?it/s]
val Loss: 1.0401 Acc: 0.5024
Epoch 8/10
----------
100%|██████████| 3870/3870 [20:23<00:00,  3.16it/s]
  0%|          | 0/207 [00:00<?, ?it/s]
train Loss: 0.9910 Acc: 0.5861
100%|██████████| 207/207 [00:23<00:00,  8.86it/s]
  0%|          | 0/3870 [00:00<?, ?it/s]
val Loss: 1.0379 Acc: 0.4928
Epoch 9/10
----------
100%|██████████| 3870/3870 [20:11<00:00,  3.19it/s]
  0%|          | 0/207 [00:00<?, ?it/s]
train Loss: 0.9874 Acc: 0.5932
100%|██████████| 207/207 [00:23<00:00,  8.87it/s]
  0%|          | 0/3870 [00:00<?, ?it/s]
val Loss: 1.0462 Acc: 0.4704
Epoch 10/10
----------
100%|██████████| 3870/3870 [20:18<00:00,  3.18it/s]
  0%|          | 0/207 [00:00<?, ?it/s]
train Loss: 0.9862 Acc: 0.5958
100%|██████████| 207/207 [00:23<00:00,  8.89it/s]
val Loss: 1.0362 Acc: 0.4982
Training complete in 220m 18s
Best Validation Accuracy: 0.502415
100%|██████████| 139/139 [10:54<00:00,  4.71s/it]
  0%|          | 0/209 [00:00<?, ?it/s]Test Accuracy of the model: 0.55
100%|██████████| 209/209 [00:23<00:00,  8.98it/s]
Average Confidence: 80.70
Test Accuracy of the model on with majority voting: 0.58
Test Accuracy of the model on with sum voting: 0.60
Test Accuracy of the model on with max voting: 0.58
Confusion matrix
 tensor([[276.,  45.,  63.],
        [158., 375., 211.],
        [122., 147., 271.]])
Class 0
TP 276.0, TN 1004.0, FP 280.0, FN 108.0
Sensitivity 0.72, Specificity 0.78, F1 0.59, Accuracy 0.77
Class 1
TP 375.0, TN 732.0, FP 192.0, FN 369.0
Sensitivity 0.50, Specificity 0.79, F1 0.57, Accuracy 0.66
Class 2
TP 271.0, TN 854.0, FP 274.0, FN 269.0
Sensitivity 0.50, Specificity 0.76, F1 0.50, Accuracy 0.67
Model saved: /content/gdrive/MyDrive/Models/_Databiox_VarCaps__Databiox_VarCaps_2021-05-27_07-27.ckpt
/content/gdrive/MyDrive/Models/_Databiox_VarCaps__Databiox_VarCaps_2021-05-27_07-27.ckpt
