VariationalMixedCapsules(
  (features): Sequential(
    (0): Conv2d(3, 16, kernel_size=(3, 3), stride=(1, 1), padding=(1, 1))
    (1): BatchNorm2d(16, eps=1e-05, momentum=0.1, affine=True, track_running_stats=True)
    (2): ReLU(inplace=True)
    (3): Conv2d(16, 16, kernel_size=(3, 3), stride=(1, 1), padding=(1, 1))
    (4): BatchNorm2d(16, eps=1e-05, momentum=0.1, affine=True, track_running_stats=True)
    (5): ReLU(inplace=True)
    (6): Conv2d(16, 16, kernel_size=(2, 2), stride=(2, 2))
    (7): BatchNorm2d(16, eps=1e-05, momentum=0.1, affine=True, track_running_stats=True)
    (8): ReLU(inplace=True)
    (9): Conv2d(16, 32, kernel_size=(3, 3), stride=(1, 1), padding=(1, 1))
    (10): BatchNorm2d(32, eps=1e-05, momentum=0.1, affine=True, track_running_stats=True)
    (11): ReLU(inplace=True)
    (12): Conv2d(32, 32, kernel_size=(3, 3), stride=(1, 1), padding=(1, 1))
    (13): BatchNorm2d(32, eps=1e-05, momentum=0.1, affine=True, track_running_stats=True)
    (14): ReLU(inplace=True)
    (15): Conv2d(32, 32, kernel_size=(2, 2), stride=(2, 2))
    (16): BatchNorm2d(32, eps=1e-05, momentum=0.1, affine=True, track_running_stats=True)
    (17): ReLU(inplace=True)
    (18): Conv2d(32, 64, kernel_size=(3, 3), stride=(1, 1), padding=(1, 1))
    (19): BatchNorm2d(64, eps=1e-05, momentum=0.1, affine=True, track_running_stats=True)
    (20): ReLU(inplace=True)
    (21): Conv2d(64, 64, kernel_size=(3, 3), stride=(1, 1), padding=(1, 1))
    (22): BatchNorm2d(64, eps=1e-05, momentum=0.1, affine=True, track_running_stats=True)
    (23): ReLU(inplace=True)
    (24): Conv2d(64, 64, kernel_size=(2, 2), stride=(2, 2))
    (25): BatchNorm2d(64, eps=1e-05, momentum=0.1, affine=True, track_running_stats=True)
    (26): ReLU(inplace=True)
    (27): Conv2d(64, 3, kernel_size=(1, 1), stride=(1, 1))
  )
  (Conv_1): Conv2d(3, 64, kernel_size=(5, 5), stride=(2, 2), bias=False)
  (Conv_2): Conv2d(64, 64, kernel_size=(5, 5), stride=(2, 2), bias=False)
  (Conv_3): Conv2d(64, 64, kernel_size=(3, 3), stride=(2, 2), bias=False)
  (BN_1): BatchNorm2d(64, eps=1e-05, momentum=0.1, affine=True, track_running_stats=True)
  (PrimaryCaps): PrimaryCapsules2d(
    (BN_a): BatchNorm2d(16, eps=1e-05, momentum=0.1, affine=True, track_running_stats=True)
    (BN_p): BatchNorm3d(16, eps=1e-05, momentum=0.1, affine=True, track_running_stats=True)
  )
  (ConvCaps_1): ConvCapsules2d()
  (ConvRouting_1): VariationalBayesRouting2d(
    (BN_v): BatchNorm3d(8, eps=1e-05, momentum=0.1, affine=False, track_running_stats=True)
    (BN_a): BatchNorm2d(8, eps=1e-05, momentum=0.1, affine=False, track_running_stats=True)
  )
  (ConvCaps_2): ConvCapsules2d()
  (ConvRouting_2): VariationalBayesRouting2d(
    (BN_v): BatchNorm3d(8, eps=1e-05, momentum=0.1, affine=False, track_running_stats=True)
    (BN_a): BatchNorm2d(8, eps=1e-05, momentum=0.1, affine=False, track_running_stats=True)
  )
  (ClassCaps): ConvCapsules2d()
  (ClassRouting): VariationalBayesRouting2d(
    (BN_v): BatchNorm3d(3, eps=1e-05, momentum=0.1, affine=False, track_running_stats=True)
    (BN_a): BatchNorm2d(3, eps=1e-05, momentum=0.1, affine=False, track_running_stats=True)
  )
)
Parameters: 284297
Trainable parameters: 284297
Using: cuda
Tesla P100-PCIE-16GB
Memory Usage:
Allocated: 0.0 GB
Cached:    0.0 GB
Start training network: 2021/05/25 08:28

  0%|          | 0/3870 [00:00<?, ?it/s]
Using  30960 training samples
Using  1656 validation samples
Epoch 1/10
----------
100%|██████████| 3870/3870 [23:28<00:00,  2.75it/s]
  0%|          | 0/207 [00:00<?, ?it/s]
train Loss: 1.0505 Acc: 0.4615
100%|██████████| 207/207 [00:25<00:00,  8.08it/s]
  0%|          | 0/3870 [00:00<?, ?it/s]
val Loss: 1.0630 Acc: 0.4577
Epoch 2/10
----------
100%|██████████| 3870/3870 [23:07<00:00,  2.79it/s]
  0%|          | 0/207 [00:00<?, ?it/s]
train Loss: 1.0402 Acc: 0.4845
100%|██████████| 207/207 [00:25<00:00,  8.11it/s]
  0%|          | 0/3870 [00:00<?, ?it/s]
val Loss: 1.0602 Acc: 0.4378
Epoch 3/10
----------
100%|██████████| 3870/3870 [23:11<00:00,  2.78it/s]
  0%|          | 0/207 [00:00<?, ?it/s]
train Loss: 1.0288 Acc: 0.5058
100%|██████████| 207/207 [00:26<00:00,  7.94it/s]
  0%|          | 0/3870 [00:00<?, ?it/s]
val Loss: 1.0583 Acc: 0.4523
Epoch 4/10
----------
100%|██████████| 3870/3870 [23:10<00:00,  2.78it/s]
  0%|          | 0/207 [00:00<?, ?it/s]
train Loss: 1.0224 Acc: 0.5181
100%|██████████| 207/207 [00:25<00:00,  8.09it/s]
  0%|          | 0/3870 [00:00<?, ?it/s]
val Loss: 1.0569 Acc: 0.4493
Epoch 5/10
----------
100%|██████████| 3870/3870 [22:58<00:00,  2.81it/s]
  0%|          | 0/207 [00:00<?, ?it/s]
train Loss: 1.0160 Acc: 0.5307
100%|██████████| 207/207 [00:25<00:00,  8.25it/s]
  0%|          | 0/3870 [00:00<?, ?it/s]
val Loss: 1.0649 Acc: 0.4197
Epoch 6/10
----------
100%|██████████| 3870/3870 [22:56<00:00,  2.81it/s]
  0%|          | 0/207 [00:00<?, ?it/s]
train Loss: 1.0122 Acc: 0.5406
100%|██████████| 207/207 [00:25<00:00,  8.20it/s]
  0%|          | 0/3870 [00:00<?, ?it/s]
val Loss: 1.0456 Acc: 0.4946
Epoch 7/10
----------
100%|██████████| 3870/3870 [22:50<00:00,  2.82it/s]
  0%|          | 0/207 [00:00<?, ?it/s]
train Loss: 1.0083 Acc: 0.5513
100%|██████████| 207/207 [00:25<00:00,  8.25it/s]
  0%|          | 0/3870 [00:00<?, ?it/s]
val Loss: 1.0497 Acc: 0.4577
Epoch 8/10
----------
100%|██████████| 3870/3870 [22:35<00:00,  2.85it/s]
  0%|          | 0/207 [00:00<?, ?it/s]
train Loss: 1.0043 Acc: 0.5567
100%|██████████| 207/207 [00:25<00:00,  8.00it/s]
  0%|          | 0/3870 [00:00<?, ?it/s]
val Loss: 1.0541 Acc: 0.4487
Epoch 9/10
----------
100%|██████████| 3870/3870 [23:09<00:00,  2.78it/s]
  0%|          | 0/207 [00:00<?, ?it/s]
train Loss: 0.9996 Acc: 0.5693
100%|██████████| 207/207 [00:26<00:00,  7.82it/s]
  0%|          | 0/3870 [00:00<?, ?it/s]
val Loss: 1.0556 Acc: 0.4493
Epoch 10/10
----------
100%|██████████| 3870/3870 [23:30<00:00,  2.74it/s]
  0%|          | 0/207 [00:00<?, ?it/s]
train Loss: 0.9964 Acc: 0.5756
100%|██████████| 207/207 [00:25<00:00,  8.05it/s]
val Loss: 1.0460 Acc: 0.4692
Training complete in 235m 16s
Best Validation Accuracy: 0.494565
100%|██████████| 139/139 [00:25<00:00,  5.41it/s]
  0%|          | 0/209 [00:00<?, ?it/s]
Test Accuracy of the model: 0.52
100%|██████████| 209/209 [00:24<00:00,  8.39it/s]
Confusion matrix
 tensor([[227.,  92.,  65.],
        [113., 363., 268.],
        [109., 152., 279.]])
Class 0
TP 227.0, TN 1062.0, FP 222.0, FN 157.0
Sensitivity 0.59, Specificity 0.83, F1 0.55, Accuracy 0.77
Class 1
TP 363.0, TN 680.0, FP 244.0, FN 381.0
Sensitivity 0.49, Specificity 0.74, F1 0.54, Accuracy 0.63
Class 2
TP 279.0, TN 795.0, FP 333.0, FN 261.0
Sensitivity 0.52, Specificity 0.70, F1 0.48, Accuracy 0.64
Model saved: ./_Databiox_VarMixedCaps__Databiox_VarMixedCaps_2021-05-25_08-28.ckpt
'./_Databiox_VarMixedCaps__Databiox_VarMixedCaps_2021-05-25_08-28.ckpt'