Wed May 19 09:21:33 BST 2021
cgpu03.maxwell.local

Currently Loaded Modules:
  1) slurm/current   2) cudatoolkit-10.1.168

 

/tmp/slurmd/job786746/slurm_script: line 20: activate: No such file or directory
Wed May 19 09:21:36 2021       
+-----------------------------------------------------------------------------+
| NVIDIA-SMI 450.51.05    Driver Version: 450.51.05    CUDA Version: 11.0     |
|-------------------------------+----------------------+----------------------+
| GPU  Name        Persistence-M| Bus-Id        Disp.A | Volatile Uncorr. ECC |
| Fan  Temp  Perf  Pwr:Usage/Cap|         Memory-Usage | GPU-Util  Compute M. |
|                               |                      |               MIG M. |
|===============================+======================+======================|
|   0  GeForce RTX 208...  Off  | 00000000:2F:00.0 Off |                  N/A |
| 31%   46C    P0    59W / 250W |      0MiB / 11019MiB |      0%      Default |
|                               |                      |                  N/A |
+-------------------------------+----------------------+----------------------+
|   1  GeForce RTX 208...  Off  | 00000000:86:00.0 Off |                  N/A |
| 37%   46C    P0    40W / 250W |      0MiB / 11019MiB |      0%      Default |
|                               |                      |                  N/A |
+-------------------------------+----------------------+----------------------+
                                                                               
+-----------------------------------------------------------------------------+
| Processes:                                                                  |
|  GPU   GI   CI        PID   Type   Process name                  GPU Memory |
|        ID   ID                                                   Usage      |
|=============================================================================|
|  No running processes found                                                 |
+-----------------------------------------------------------------------------+
Downloading: "https://github.com/lukemelas/EfficientNet-PyTorch/releases/download/1.0/efficientnet-b0-355c32eb.pth" to /uoa/home/u02mv17/.cache/torch/checkpoints/efficientnet-b0-355c32eb.pth
  0%|          | 0.00/20.4M [00:00<?, ?B/s]  6%|▌         | 1.21M/20.4M [00:00<00:01, 12.7MB/s] 12%|█▏        | 2.42M/20.4M [00:00<00:01, 11.9MB/s] 17%|█▋        | 3.56M/20.4M [00:00<00:01, 11.7MB/s] 25%|██▍       | 5.09M/20.4M [00:00<00:01, 13.2MB/s] 31%|███▏      | 6.41M/20.4M [00:00<00:01, 13.5MB/s] 39%|███▉      | 7.96M/20.4M [00:00<00:00, 14.3MB/s] 47%|████▋     | 9.54M/20.4M [00:00<00:00, 15.0MB/s] 54%|█████▍    | 11.1M/20.4M [00:00<00:00, 15.3MB/s] 61%|██████▏   | 12.5M/20.4M [00:00<00:00, 14.0MB/s] 68%|██████▊   | 13.9M/20.4M [00:01<00:00, 13.9MB/s] 75%|███████▍  | 15.2M/20.4M [00:01<00:00, 13.1MB/s] 81%|████████  | 16.6M/20.4M [00:01<00:00, 13.2MB/s] 87%|████████▋ | 17.8M/20.4M [00:01<00:00, 12.8MB/s] 97%|█████████▋| 19.9M/20.4M [00:01<00:00, 15.2MB/s]100%|██████████| 20.4M/20.4M [00:01<00:00, 14.1MB/s]Loaded pretrained weights for efficientnet-b0
EffNet(
  (model): EfficientNet(
    (_conv_stem): Conv2dStaticSamePadding(
      3, 32, kernel_size=(3, 3), stride=(2, 2), bias=False
      (static_padding): ZeroPad2d(padding=(0, 1, 0, 1), value=0.0)
    )
    (_bn0): BatchNorm2d(32, eps=0.001, momentum=0.010000000000000009, affine=True, track_running_stats=True)
    (_blocks): ModuleList(
      (0): MBConvBlock(
        (_depthwise_conv): Conv2dStaticSamePadding(
          32, 32, kernel_size=(3, 3), stride=[1, 1], groups=32, bias=False
          (static_padding): ZeroPad2d(padding=(1, 1, 1, 1), value=0.0)
        )
        (_bn1): BatchNorm2d(32, eps=0.001, momentum=0.010000000000000009, affine=True, track_running_stats=True)
        (_se_reduce): Conv2dStaticSamePadding(
          32, 8, kernel_size=(1, 1), stride=(1, 1)
          (static_padding): Identity()
        )
        (_se_expand): Conv2dStaticSamePadding(
          8, 32, kernel_size=(1, 1), stride=(1, 1)
          (static_padding): Identity()
        )
        (_project_conv): Conv2dStaticSamePadding(
          32, 16, kernel_size=(1, 1), stride=(1, 1), bias=False
          (static_padding): Identity()
        )
        (_bn2): BatchNorm2d(16, eps=0.001, momentum=0.010000000000000009, affine=True, track_running_stats=True)
        (_swish): MemoryEfficientSwish()
      )
      (1): MBConvBlock(
        (_expand_conv): Conv2dStaticSamePadding(
          16, 96, kernel_size=(1, 1), stride=(1, 1), bias=False
          (static_padding): Identity()
        )
        (_bn0): BatchNorm2d(96, eps=0.001, momentum=0.010000000000000009, affine=True, track_running_stats=True)
        (_depthwise_conv): Conv2dStaticSamePadding(
          96, 96, kernel_size=(3, 3), stride=[2, 2], groups=96, bias=False
          (static_padding): ZeroPad2d(padding=(0, 1, 0, 1), value=0.0)
        )
        (_bn1): BatchNorm2d(96, eps=0.001, momentum=0.010000000000000009, affine=True, track_running_stats=True)
        (_se_reduce): Conv2dStaticSamePadding(
          96, 4, kernel_size=(1, 1), stride=(1, 1)
          (static_padding): Identity()
        )
        (_se_expand): Conv2dStaticSamePadding(
          4, 96, kernel_size=(1, 1), stride=(1, 1)
          (static_padding): Identity()
        )
        (_project_conv): Conv2dStaticSamePadding(
          96, 24, kernel_size=(1, 1), stride=(1, 1), bias=False
          (static_padding): Identity()
        )
        (_bn2): BatchNorm2d(24, eps=0.001, momentum=0.010000000000000009, affine=True, track_running_stats=True)
        (_swish): MemoryEfficientSwish()
      )
      (2): MBConvBlock(
        (_expand_conv): Conv2dStaticSamePadding(
          24, 144, kernel_size=(1, 1), stride=(1, 1), bias=False
          (static_padding): Identity()
        )
        (_bn0): BatchNorm2d(144, eps=0.001, momentum=0.010000000000000009, affine=True, track_running_stats=True)
        (_depthwise_conv): Conv2dStaticSamePadding(
          144, 144, kernel_size=(3, 3), stride=(1, 1), groups=144, bias=False
          (static_padding): ZeroPad2d(padding=(1, 1, 1, 1), value=0.0)
        )
        (_bn1): BatchNorm2d(144, eps=0.001, momentum=0.010000000000000009, affine=True, track_running_stats=True)
        (_se_reduce): Conv2dStaticSamePadding(
          144, 6, kernel_size=(1, 1), stride=(1, 1)
          (static_padding): Identity()
        )
        (_se_expand): Conv2dStaticSamePadding(
          6, 144, kernel_size=(1, 1), stride=(1, 1)
          (static_padding): Identity()
        )
        (_project_conv): Conv2dStaticSamePadding(
          144, 24, kernel_size=(1, 1), stride=(1, 1), bias=False
          (static_padding): Identity()
        )
        (_bn2): BatchNorm2d(24, eps=0.001, momentum=0.010000000000000009, affine=True, track_running_stats=True)
        (_swish): MemoryEfficientSwish()
      )
      (3): MBConvBlock(
        (_expand_conv): Conv2dStaticSamePadding(
          24, 144, kernel_size=(1, 1), stride=(1, 1), bias=False
          (static_padding): Identity()
        )
        (_bn0): BatchNorm2d(144, eps=0.001, momentum=0.010000000000000009, affine=True, track_running_stats=True)
        (_depthwise_conv): Conv2dStaticSamePadding(
          144, 144, kernel_size=(5, 5), stride=[2, 2], groups=144, bias=False
          (static_padding): ZeroPad2d(padding=(1, 2, 1, 2), value=0.0)
        )
        (_bn1): BatchNorm2d(144, eps=0.001, momentum=0.010000000000000009, affine=True, track_running_stats=True)
        (_se_reduce): Conv2dStaticSamePadding(
          144, 6, kernel_size=(1, 1), stride=(1, 1)
          (static_padding): Identity()
        )
        (_se_expand): Conv2dStaticSamePadding(
          6, 144, kernel_size=(1, 1), stride=(1, 1)
          (static_padding): Identity()
        )
        (_project_conv): Conv2dStaticSamePadding(
          144, 40, kernel_size=(1, 1), stride=(1, 1), bias=False
          (static_padding): Identity()
        )
        (_bn2): BatchNorm2d(40, eps=0.001, momentum=0.010000000000000009, affine=True, track_running_stats=True)
        (_swish): MemoryEfficientSwish()
      )
      (4): MBConvBlock(
        (_expand_conv): Conv2dStaticSamePadding(
          40, 240, kernel_size=(1, 1), stride=(1, 1), bias=False
          (static_padding): Identity()
        )
        (_bn0): BatchNorm2d(240, eps=0.001, momentum=0.010000000000000009, affine=True, track_running_stats=True)
        (_depthwise_conv): Conv2dStaticSamePadding(
          240, 240, kernel_size=(5, 5), stride=(1, 1), groups=240, bias=False
          (static_padding): ZeroPad2d(padding=(2, 2, 2, 2), value=0.0)
        )
        (_bn1): BatchNorm2d(240, eps=0.001, momentum=0.010000000000000009, affine=True, track_running_stats=True)
        (_se_reduce): Conv2dStaticSamePadding(
          240, 10, kernel_size=(1, 1), stride=(1, 1)
          (static_padding): Identity()
        )
        (_se_expand): Conv2dStaticSamePadding(
          10, 240, kernel_size=(1, 1), stride=(1, 1)
          (static_padding): Identity()
        )
        (_project_conv): Conv2dStaticSamePadding(
          240, 40, kernel_size=(1, 1), stride=(1, 1), bias=False
          (static_padding): Identity()
        )
        (_bn2): BatchNorm2d(40, eps=0.001, momentum=0.010000000000000009, affine=True, track_running_stats=True)
        (_swish): MemoryEfficientSwish()
      )
      (5): MBConvBlock(
        (_expand_conv): Conv2dStaticSamePadding(
          40, 240, kernel_size=(1, 1), stride=(1, 1), bias=False
          (static_padding): Identity()
        )
        (_bn0): BatchNorm2d(240, eps=0.001, momentum=0.010000000000000009, affine=True, track_running_stats=True)
        (_depthwise_conv): Conv2dStaticSamePadding(
          240, 240, kernel_size=(3, 3), stride=[2, 2], groups=240, bias=False
          (static_padding): ZeroPad2d(padding=(0, 1, 0, 1), value=0.0)
        )
        (_bn1): BatchNorm2d(240, eps=0.001, momentum=0.010000000000000009, affine=True, track_running_stats=True)
        (_se_reduce): Conv2dStaticSamePadding(
          240, 10, kernel_size=(1, 1), stride=(1, 1)
          (static_padding): Identity()
        )
        (_se_expand): Conv2dStaticSamePadding(
          10, 240, kernel_size=(1, 1), stride=(1, 1)
          (static_padding): Identity()
        )
        (_project_conv): Conv2dStaticSamePadding(
          240, 80, kernel_size=(1, 1), stride=(1, 1), bias=False
          (static_padding): Identity()
        )
        (_bn2): BatchNorm2d(80, eps=0.001, momentum=0.010000000000000009, affine=True, track_running_stats=True)
        (_swish): MemoryEfficientSwish()
      )
      (6): MBConvBlock(
        (_expand_conv): Conv2dStaticSamePadding(
          80, 480, kernel_size=(1, 1), stride=(1, 1), bias=False
          (static_padding): Identity()
        )
        (_bn0): BatchNorm2d(480, eps=0.001, momentum=0.010000000000000009, affine=True, track_running_stats=True)
        (_depthwise_conv): Conv2dStaticSamePadding(
          480, 480, kernel_size=(3, 3), stride=(1, 1), groups=480, bias=False
          (static_padding): ZeroPad2d(padding=(1, 1, 1, 1), value=0.0)
        )
        (_bn1): BatchNorm2d(480, eps=0.001, momentum=0.010000000000000009, affine=True, track_running_stats=True)
        (_se_reduce): Conv2dStaticSamePadding(
          480, 20, kernel_size=(1, 1), stride=(1, 1)
          (static_padding): Identity()
        )
        (_se_expand): Conv2dStaticSamePadding(
          20, 480, kernel_size=(1, 1), stride=(1, 1)
          (static_padding): Identity()
        )
        (_project_conv): Conv2dStaticSamePadding(
          480, 80, kernel_size=(1, 1), stride=(1, 1), bias=False
          (static_padding): Identity()
        )
        (_bn2): BatchNorm2d(80, eps=0.001, momentum=0.010000000000000009, affine=True, track_running_stats=True)
        (_swish): MemoryEfficientSwish()
      )
      (7): MBConvBlock(
        (_expand_conv): Conv2dStaticSamePadding(
          80, 480, kernel_size=(1, 1), stride=(1, 1), bias=False
          (static_padding): Identity()
        )
        (_bn0): BatchNorm2d(480, eps=0.001, momentum=0.010000000000000009, affine=True, track_running_stats=True)
        (_depthwise_conv): Conv2dStaticSamePadding(
          480, 480, kernel_size=(3, 3), stride=(1, 1), groups=480, bias=False
          (static_padding): ZeroPad2d(padding=(1, 1, 1, 1), value=0.0)
        )
        (_bn1): BatchNorm2d(480, eps=0.001, momentum=0.010000000000000009, affine=True, track_running_stats=True)
        (_se_reduce): Conv2dStaticSamePadding(
          480, 20, kernel_size=(1, 1), stride=(1, 1)
          (static_padding): Identity()
        )
        (_se_expand): Conv2dStaticSamePadding(
          20, 480, kernel_size=(1, 1), stride=(1, 1)
          (static_padding): Identity()
        )
        (_project_conv): Conv2dStaticSamePadding(
          480, 80, kernel_size=(1, 1), stride=(1, 1), bias=False
          (static_padding): Identity()
        )
        (_bn2): BatchNorm2d(80, eps=0.001, momentum=0.010000000000000009, affine=True, track_running_stats=True)
        (_swish): MemoryEfficientSwish()
      )
      (8): MBConvBlock(
        (_expand_conv): Conv2dStaticSamePadding(
          80, 480, kernel_size=(1, 1), stride=(1, 1), bias=False
          (static_padding): Identity()
        )
        (_bn0): BatchNorm2d(480, eps=0.001, momentum=0.010000000000000009, affine=True, track_running_stats=True)
        (_depthwise_conv): Conv2dStaticSamePadding(
          480, 480, kernel_size=(5, 5), stride=[1, 1], groups=480, bias=False
          (static_padding): ZeroPad2d(padding=(2, 2, 2, 2), value=0.0)
        )
        (_bn1): BatchNorm2d(480, eps=0.001, momentum=0.010000000000000009, affine=True, track_running_stats=True)
        (_se_reduce): Conv2dStaticSamePadding(
          480, 20, kernel_size=(1, 1), stride=(1, 1)
          (static_padding): Identity()
        )
        (_se_expand): Conv2dStaticSamePadding(
          20, 480, kernel_size=(1, 1), stride=(1, 1)
          (static_padding): Identity()
        )
        (_project_conv): Conv2dStaticSamePadding(
          480, 112, kernel_size=(1, 1), stride=(1, 1), bias=False
          (static_padding): Identity()
        )
        (_bn2): BatchNorm2d(112, eps=0.001, momentum=0.010000000000000009, affine=True, track_running_stats=True)
        (_swish): MemoryEfficientSwish()
      )
      (9): MBConvBlock(
        (_expand_conv): Conv2dStaticSamePadding(
          112, 672, kernel_size=(1, 1), stride=(1, 1), bias=False
          (static_padding): Identity()
        )
        (_bn0): BatchNorm2d(672, eps=0.001, momentum=0.010000000000000009, affine=True, track_running_stats=True)
        (_depthwise_conv): Conv2dStaticSamePadding(
          672, 672, kernel_size=(5, 5), stride=(1, 1), groups=672, bias=False
          (static_padding): ZeroPad2d(padding=(2, 2, 2, 2), value=0.0)
        )
        (_bn1): BatchNorm2d(672, eps=0.001, momentum=0.010000000000000009, affine=True, track_running_stats=True)
        (_se_reduce): Conv2dStaticSamePadding(
          672, 28, kernel_size=(1, 1), stride=(1, 1)
          (static_padding): Identity()
        )
        (_se_expand): Conv2dStaticSamePadding(
          28, 672, kernel_size=(1, 1), stride=(1, 1)
          (static_padding): Identity()
        )
        (_project_conv): Conv2dStaticSamePadding(
          672, 112, kernel_size=(1, 1), stride=(1, 1), bias=False
          (static_padding): Identity()
        )
        (_bn2): BatchNorm2d(112, eps=0.001, momentum=0.010000000000000009, affine=True, track_running_stats=True)
        (_swish): MemoryEfficientSwish()
      )
      (10): MBConvBlock(
        (_expand_conv): Conv2dStaticSamePadding(
          112, 672, kernel_size=(1, 1), stride=(1, 1), bias=False
          (static_padding): Identity()
        )
        (_bn0): BatchNorm2d(672, eps=0.001, momentum=0.010000000000000009, affine=True, track_running_stats=True)
        (_depthwise_conv): Conv2dStaticSamePadding(
          672, 672, kernel_size=(5, 5), stride=(1, 1), groups=672, bias=False
          (static_padding): ZeroPad2d(padding=(2, 2, 2, 2), value=0.0)
        )
        (_bn1): BatchNorm2d(672, eps=0.001, momentum=0.010000000000000009, affine=True, track_running_stats=True)
        (_se_reduce): Conv2dStaticSamePadding(
          672, 28, kernel_size=(1, 1), stride=(1, 1)
          (static_padding): Identity()
        )
        (_se_expand): Conv2dStaticSamePadding(
          28, 672, kernel_size=(1, 1), stride=(1, 1)
          (static_padding): Identity()
        )
        (_project_conv): Conv2dStaticSamePadding(
          672, 112, kernel_size=(1, 1), stride=(1, 1), bias=False
          (static_padding): Identity()
        )
        (_bn2): BatchNorm2d(112, eps=0.001, momentum=0.010000000000000009, affine=True, track_running_stats=True)
        (_swish): MemoryEfficientSwish()
      )
      (11): MBConvBlock(
        (_expand_conv): Conv2dStaticSamePadding(
          112, 672, kernel_size=(1, 1), stride=(1, 1), bias=False
          (static_padding): Identity()
        )
        (_bn0): BatchNorm2d(672, eps=0.001, momentum=0.010000000000000009, affine=True, track_running_stats=True)
        (_depthwise_conv): Conv2dStaticSamePadding(
          672, 672, kernel_size=(5, 5), stride=[2, 2], groups=672, bias=False
          (static_padding): ZeroPad2d(padding=(1, 2, 1, 2), value=0.0)
        )
        (_bn1): BatchNorm2d(672, eps=0.001, momentum=0.010000000000000009, affine=True, track_running_stats=True)
        (_se_reduce): Conv2dStaticSamePadding(
          672, 28, kernel_size=(1, 1), stride=(1, 1)
          (static_padding): Identity()
        )
        (_se_expand): Conv2dStaticSamePadding(
          28, 672, kernel_size=(1, 1), stride=(1, 1)
          (static_padding): Identity()
        )
        (_project_conv): Conv2dStaticSamePadding(
          672, 192, kernel_size=(1, 1), stride=(1, 1), bias=False
          (static_padding): Identity()
        )
        (_bn2): BatchNorm2d(192, eps=0.001, momentum=0.010000000000000009, affine=True, track_running_stats=True)
        (_swish): MemoryEfficientSwish()
      )
      (12): MBConvBlock(
        (_expand_conv): Conv2dStaticSamePadding(
          192, 1152, kernel_size=(1, 1), stride=(1, 1), bias=False
          (static_padding): Identity()
        )
        (_bn0): BatchNorm2d(1152, eps=0.001, momentum=0.010000000000000009, affine=True, track_running_stats=True)
        (_depthwise_conv): Conv2dStaticSamePadding(
          1152, 1152, kernel_size=(5, 5), stride=(1, 1), groups=1152, bias=False
          (static_padding): ZeroPad2d(padding=(2, 2, 2, 2), value=0.0)
        )
        (_bn1): BatchNorm2d(1152, eps=0.001, momentum=0.010000000000000009, affine=True, track_running_stats=True)
        (_se_reduce): Conv2dStaticSamePadding(
          1152, 48, kernel_size=(1, 1), stride=(1, 1)
          (static_padding): Identity()
        )
        (_se_expand): Conv2dStaticSamePadding(
          48, 1152, kernel_size=(1, 1), stride=(1, 1)
          (static_padding): Identity()
        )
        (_project_conv): Conv2dStaticSamePadding(
          1152, 192, kernel_size=(1, 1), stride=(1, 1), bias=False
          (static_padding): Identity()
        )
        (_bn2): BatchNorm2d(192, eps=0.001, momentum=0.010000000000000009, affine=True, track_running_stats=True)
        (_swish): MemoryEfficientSwish()
      )
      (13): MBConvBlock(
        (_expand_conv): Conv2dStaticSamePadding(
          192, 1152, kernel_size=(1, 1), stride=(1, 1), bias=False
          (static_padding): Identity()
        )
        (_bn0): BatchNorm2d(1152, eps=0.001, momentum=0.010000000000000009, affine=True, track_running_stats=True)
        (_depthwise_conv): Conv2dStaticSamePadding(
          1152, 1152, kernel_size=(5, 5), stride=(1, 1), groups=1152, bias=False
          (static_padding): ZeroPad2d(padding=(2, 2, 2, 2), value=0.0)
        )
        (_bn1): BatchNorm2d(1152, eps=0.001, momentum=0.010000000000000009, affine=True, track_running_stats=True)
        (_se_reduce): Conv2dStaticSamePadding(
          1152, 48, kernel_size=(1, 1), stride=(1, 1)
          (static_padding): Identity()
        )
        (_se_expand): Conv2dStaticSamePadding(
          48, 1152, kernel_size=(1, 1), stride=(1, 1)
          (static_padding): Identity()
        )
        (_project_conv): Conv2dStaticSamePadding(
          1152, 192, kernel_size=(1, 1), stride=(1, 1), bias=False
          (static_padding): Identity()
        )
        (_bn2): BatchNorm2d(192, eps=0.001, momentum=0.010000000000000009, affine=True, track_running_stats=True)
        (_swish): MemoryEfficientSwish()
      )
      (14): MBConvBlock(
        (_expand_conv): Conv2dStaticSamePadding(
          192, 1152, kernel_size=(1, 1), stride=(1, 1), bias=False
          (static_padding): Identity()
        )
        (_bn0): BatchNorm2d(1152, eps=0.001, momentum=0.010000000000000009, affine=True, track_running_stats=True)
        (_depthwise_conv): Conv2dStaticSamePadding(
          1152, 1152, kernel_size=(5, 5), stride=(1, 1), groups=1152, bias=False
          (static_padding): ZeroPad2d(padding=(2, 2, 2, 2), value=0.0)
        )
        (_bn1): BatchNorm2d(1152, eps=0.001, momentum=0.010000000000000009, affine=True, track_running_stats=True)
        (_se_reduce): Conv2dStaticSamePadding(
          1152, 48, kernel_size=(1, 1), stride=(1, 1)
          (static_padding): Identity()
        )
        (_se_expand): Conv2dStaticSamePadding(
          48, 1152, kernel_size=(1, 1), stride=(1, 1)
          (static_padding): Identity()
        )
        (_project_conv): Conv2dStaticSamePadding(
          1152, 192, kernel_size=(1, 1), stride=(1, 1), bias=False
          (static_padding): Identity()
        )
        (_bn2): BatchNorm2d(192, eps=0.001, momentum=0.010000000000000009, affine=True, track_running_stats=True)
        (_swish): MemoryEfficientSwish()
      )
      (15): MBConvBlock(
        (_expand_conv): Conv2dStaticSamePadding(
          192, 1152, kernel_size=(1, 1), stride=(1, 1), bias=False
          (static_padding): Identity()
        )
        (_bn0): BatchNorm2d(1152, eps=0.001, momentum=0.010000000000000009, affine=True, track_running_stats=True)
        (_depthwise_conv): Conv2dStaticSamePadding(
          1152, 1152, kernel_size=(3, 3), stride=[1, 1], groups=1152, bias=False
          (static_padding): ZeroPad2d(padding=(1, 1, 1, 1), value=0.0)
        )
        (_bn1): BatchNorm2d(1152, eps=0.001, momentum=0.010000000000000009, affine=True, track_running_stats=True)
        (_se_reduce): Conv2dStaticSamePadding(
          1152, 48, kernel_size=(1, 1), stride=(1, 1)
          (static_padding): Identity()
        )
        (_se_expand): Conv2dStaticSamePadding(
          48, 1152, kernel_size=(1, 1), stride=(1, 1)
          (static_padding): Identity()
        )
        (_project_conv): Conv2dStaticSamePadding(
          1152, 320, kernel_size=(1, 1), stride=(1, 1), bias=False
          (static_padding): Identity()
        )
        (_bn2): BatchNorm2d(320, eps=0.001, momentum=0.010000000000000009, affine=True, track_running_stats=True)
        (_swish): MemoryEfficientSwish()
      )
    )
    (_conv_head): Conv2dStaticSamePadding(
      320, 1280, kernel_size=(1, 1), stride=(1, 1), bias=False
      (static_padding): Identity()
    )
    (_bn1): BatchNorm2d(1280, eps=0.001, momentum=0.010000000000000009, affine=True, track_running_stats=True)
    (_avg_pooling): AdaptiveAvgPool2d(output_size=1)
    (_dropout): Dropout(p=0.2, inplace=False)
    (_fc): Linear(in_features=1280, out_features=1000, bias=True)
    (_swish): MemoryEfficientSwish()
    (fc): Sequential(
      (0): Linear(in_features=1280, out_features=128, bias=True)
      (1): ReLU()
      (2): Linear(in_features=128, out_features=3, bias=True)
    )
  )
)
Parameters: 5452903
Trainable parameters: 1281000
Using: cuda
Start training network: 2021/05/19 09:21

Using  180600 training samples
Using  4830 validation samples
Epoch 1/20
----------

train Loss: 0.9163 Acc: 0.6138
val Loss: 1.0110 Acc: 0.5455
Epoch 2/20
----------
train Loss: 0.8114 Acc: 0.6397
val Loss: 0.9765 Acc: 0.5600
Epoch 3/20
----------
train Loss: 0.8058 Acc: 0.6394
val Loss: 0.9948 Acc: 0.5449
Epoch 4/20
----------
train Loss: 0.8062 Acc: 0.6378
val Loss: 0.9735 Acc: 0.5499
Epoch 5/20
----------
train Loss: 0.8049 Acc: 0.6397
val Loss: 1.0010 Acc: 0.5431
Epoch 6/20
----------
train Loss: 0.8062 Acc: 0.6380
val Loss: 0.9682 Acc: 0.5580
Epoch 7/20
----------
train Loss: 0.8056 Acc: 0.6400
val Loss: 0.9556 Acc: 0.5584
Epoch 8/20
----------
slurmstepd: error: *** JOB 786746 ON cgpu03 CANCELLED AT 2021-05-20T09:21:32 DUE TO TIME LIMIT ***
