Wed May 19 09:19:31 BST 2021
cgpu02.maxwell.local

Currently Loaded Modules:
  1) slurm/current   2) cudatoolkit-10.1.168

 

/tmp/slurmd/job786745/slurm_script: line 20: activate: No such file or directory
Wed May 19 09:19:34 2021       
+-----------------------------------------------------------------------------+
| NVIDIA-SMI 450.51.05    Driver Version: 450.51.05    CUDA Version: 11.0     |
|-------------------------------+----------------------+----------------------+
| GPU  Name        Persistence-M| Bus-Id        Disp.A | Volatile Uncorr. ECC |
| Fan  Temp  Perf  Pwr:Usage/Cap|         Memory-Usage | GPU-Util  Compute M. |
|                               |                      |               MIG M. |
|===============================+======================+======================|
|   0  GeForce RTX 208...  Off  | 00000000:2F:00.0 Off |                  N/A |
| 30%   48C    P0    64W / 250W |      0MiB / 11019MiB |      0%      Default |
|                               |                      |                  N/A |
+-------------------------------+----------------------+----------------------+
|   1  GeForce RTX 208...  Off  | 00000000:86:00.0 Off |                  N/A |
| 36%   47C    P0    46W / 250W |      0MiB / 11019MiB |      0%      Default |
|                               |                      |                  N/A |
+-------------------------------+----------------------+----------------------+
                                                                               
+-----------------------------------------------------------------------------+
| Processes:                                                                  |
|  GPU   GI   CI        PID   Type   Process name                  GPU Memory |
|        ID   ID                                                   Usage      |
|=============================================================================|
|  No running processes found                                                 |
+-----------------------------------------------------------------------------+
Namespace(augment=True, batch_size=32, checkpoint_path='/uoa/home/u02mv17/Repository/models/checkpoints/', classes=3, data_path='/uoa/home/u02mv17/Repository/data/Graded/patchwise_dataset/', epochs=20, flip=True, input_size=[3, 512, 512], lr=0.001, name='_Databiox_patchwise_original_', output_size=[3, 64, 64], predefined_stats=False, workers=4)
PatchWiseModel(
  (features): Sequential(
    (0): Conv2d(3, 16, kernel_size=(3, 3), stride=(1, 1), padding=(1, 1))
    (1): BatchNorm2d(16, eps=1e-05, momentum=0.1, affine=True, track_running_stats=True)
    (2): ReLU(inplace=True)
    (3): Conv2d(16, 16, kernel_size=(3, 3), stride=(1, 1), padding=(1, 1))
    (4): BatchNorm2d(16, eps=1e-05, momentum=0.1, affine=True, track_running_stats=True)
    (5): ReLU(inplace=True)
    (6): Conv2d(16, 16, kernel_size=(2, 2), stride=(2, 2))
    (7): BatchNorm2d(16, eps=1e-05, momentum=0.1, affine=True, track_running_stats=True)
    (8): ReLU(inplace=True)
    (9): Conv2d(16, 32, kernel_size=(3, 3), stride=(1, 1), padding=(1, 1))
    (10): BatchNorm2d(32, eps=1e-05, momentum=0.1, affine=True, track_running_stats=True)
    (11): ReLU(inplace=True)
    (12): Conv2d(32, 32, kernel_size=(3, 3), stride=(1, 1), padding=(1, 1))
    (13): BatchNorm2d(32, eps=1e-05, momentum=0.1, affine=True, track_running_stats=True)
    (14): ReLU(inplace=True)
    (15): Conv2d(32, 32, kernel_size=(2, 2), stride=(2, 2))
    (16): BatchNorm2d(32, eps=1e-05, momentum=0.1, affine=True, track_running_stats=True)
    (17): ReLU(inplace=True)
    (18): Conv2d(32, 64, kernel_size=(3, 3), stride=(1, 1), padding=(1, 1))
    (19): BatchNorm2d(64, eps=1e-05, momentum=0.1, affine=True, track_running_stats=True)
    (20): ReLU(inplace=True)
    (21): Conv2d(64, 64, kernel_size=(3, 3), stride=(1, 1), padding=(1, 1))
    (22): BatchNorm2d(64, eps=1e-05, momentum=0.1, affine=True, track_running_stats=True)
    (23): ReLU(inplace=True)
    (24): Conv2d(64, 64, kernel_size=(2, 2), stride=(2, 2))
    (25): BatchNorm2d(64, eps=1e-05, momentum=0.1, affine=True, track_running_stats=True)
    (26): ReLU(inplace=True)
    (27): Conv2d(64, 128, kernel_size=(3, 3), stride=(1, 1), padding=(1, 1))
    (28): BatchNorm2d(128, eps=1e-05, momentum=0.1, affine=True, track_running_stats=True)
    (29): ReLU(inplace=True)
    (30): Conv2d(128, 128, kernel_size=(3, 3), stride=(1, 1), padding=(1, 1))
    (31): BatchNorm2d(128, eps=1e-05, momentum=0.1, affine=True, track_running_stats=True)
    (32): ReLU(inplace=True)
    (33): Conv2d(128, 128, kernel_size=(3, 3), stride=(1, 1), padding=(1, 1))
    (34): BatchNorm2d(128, eps=1e-05, momentum=0.1, affine=True, track_running_stats=True)
    (35): ReLU(inplace=True)
    (36): Conv2d(128, 256, kernel_size=(3, 3), stride=(1, 1), padding=(1, 1))
    (37): BatchNorm2d(256, eps=1e-05, momentum=0.1, affine=True, track_running_stats=True)
    (38): ReLU(inplace=True)
    (39): Conv2d(256, 256, kernel_size=(3, 3), stride=(1, 1), padding=(1, 1))
    (40): BatchNorm2d(256, eps=1e-05, momentum=0.1, affine=True, track_running_stats=True)
    (41): ReLU(inplace=True)
    (42): Conv2d(256, 256, kernel_size=(3, 3), stride=(1, 1), padding=(1, 1))
    (43): BatchNorm2d(256, eps=1e-05, momentum=0.1, affine=True, track_running_stats=True)
    (44): ReLU(inplace=True)
    (45): Conv2d(256, 3, kernel_size=(1, 1), stride=(1, 1))
  )
  (classifier): Sequential(
    (0): Linear(in_features=12288, out_features=3, bias=True)
  )
)
Parameters: 1978662
Trainable parameters: 1978662
Using: cuda
Start training network: 2021/05/19 09:19

Using  180600 training samples
Using  4830 validation samples
Model loaded, trained for  10 epochs
Epoch 11/20
----------
train Loss: 0.5860 Acc: 0.7538
val Loss: 1.3291 Acc: 0.5155
Epoch 12/20
----------
train Loss: 0.5486 Acc: 0.7700
val Loss: 1.3238 Acc: 0.5284
Epoch 13/20
----------
train Loss: 0.4978 Acc: 0.7932
val Loss: 1.4024 Acc: 0.5290
Epoch 14/20
----------
train Loss: 0.4646 Acc: 0.8090
val Loss: 1.3353 Acc: 0.5555
Epoch 15/20
----------
train Loss: 0.4372 Acc: 0.8218
val Loss: 1.2744 Acc: 0.5269
Epoch 16/20
----------
train Loss: 0.4010 Acc: 0.8373
val Loss: 1.3556 Acc: 0.5565
Epoch 17/20
----------
slurmstepd: error: *** JOB 786745 ON cgpu02 CANCELLED AT 2021-05-20T09:19:33 DUE TO TIME LIMIT ***
